Mplus VERSION 8.4 (Linux)
MUTHEN & MUTHEN
02/19/2021   1:01 PM

INPUT INSTRUCTIONS

  DATA:      FILE  = ../data/ex5.1.dat;
          VARIABLE:  NAMES = y1-y6;
                     USEVAR = y1-y3;
          MODEL:     f1 BY y1-y3;



INPUT READING TERMINATED NORMALLY




SUMMARY OF ANALYSIS

Number of groups                                                 1
Number of observations                                         500

Number of dependent variables                                    3
Number of independent variables                                  0
Number of continuous latent variables                            1

Observed dependent variables

  Continuous
   Y1          Y2          Y3

Continuous latent variables
   F1


Estimator                                                       ML
Information matrix                                        OBSERVED
Maximum number of iterations                                  1000
Convergence criterion                                    0.500D-04
Maximum number of steepest descent iterations                   20

Input data file(s)
  ../data/ex5.1.dat

Input data format  FREE



UNIVARIATE SAMPLE STATISTICS


     UNIVARIATE HIGHER-ORDER MOMENT DESCRIPTIVE STATISTICS

         Variable/         Mean/     Skewness/   Minimum/ % with                Percentiles
        Sample Size      Variance    Kurtosis    Maximum  Min/Max      20%/60%    40%/80%    Median

     Y1                   -0.022      -0.050      -3.958    0.20%      -1.236     -0.395     -0.039
             500.000       1.971      -0.363       3.588    0.20%       0.328      1.240
     Y2                    0.026      -0.139      -5.193    0.20%      -1.096     -0.321      0.044
             500.000       1.949       0.107       3.703    0.20%       0.385      1.211
     Y3                    0.035       0.169      -3.907    0.20%      -1.138     -0.398     -0.060
             500.000       1.953      -0.135       4.159    0.20%       0.303      1.173


THE MODEL ESTIMATION TERMINATED NORMALLY



MODEL FIT INFORMATION

Number of Free Parameters                        9

Loglikelihood

          H0 Value                       -2450.381
          H1 Value                       -2450.381

Information Criteria

          Akaike (AIC)                    4918.763
          Bayesian (BIC)                  4956.694
          Sample-Size Adjusted BIC        4928.128
            (n* = (n + 2) / 24)

Chi-Square Test of Model Fit

          Value                              0.000
          Degrees of Freedom                     0
          P-Value                           0.0000

RMSEA (Root Mean Square Error Of Approximation)

          Estimate                           0.000
          90 Percent C.I.                    0.000  0.000
          Probability RMSEA <= .05           0.000

CFI/TLI

          CFI                                1.000
          TLI                                1.000

Chi-Square Test of Model Fit for the Baseline Model

          Value                            363.624
          Degrees of Freedom                     3
          P-Value                           0.0000

SRMR (Standardized Root Mean Square Residual)

          Value                              0.000



MODEL RESULTS

                                                    Two-Tailed
                    Estimate       S.E.  Est./S.E.    P-Value

 F1       BY
    Y1                 1.000      0.000    999.000    999.000
    Y2                 1.125      0.099     11.378      0.000
    Y3                 1.020      0.089     11.474      0.000

 Intercepts
    Y1                -0.022      0.063     -0.354      0.723
    Y2                 0.026      0.062      0.410      0.682
    Y3                 0.035      0.062      0.555      0.579

 Variances
    F1                 0.908      0.125      7.257      0.000

 Residual Variances
    Y1                 1.063      0.096     11.114      0.000
    Y2                 0.799      0.100      8.002      0.000
    Y3                 1.009      0.095     10.586      0.000


QUALITY OF NUMERICAL RESULTS

     Condition Number for the Information Matrix              0.595E-01
       (ratio of smallest to largest eigenvalue)


     Beginning Time:  13:01:31
        Ending Time:  13:01:31
       Elapsed Time:  00:00:00



MUTHEN & MUTHEN
3463 Stoner Ave.
Los Angeles, CA  90066

Tel: (310) 391-9971
Fax: (310) 391-8971
Web: www.StatModel.com
Support: Support@StatModel.com

Copyright (c) 1998-2019 Muthen & Muthen
