Mplus VERSION 8.4
MUTHEN & MUTHEN
01/28/2021   6:28 PM

INPUT INSTRUCTIONS

  TITLE:	this is an example of a LCA with
  	continuous latent class indicators using
  	automatic starting values with random
  	starts
  DATA:	FILE IS ex7.9.dat;
  VARIABLE:	NAMES ARE y1-y4 c;
  	USEVARIABLES ARE y1-y4;
  	CLASSES = c (4);
  ANALYSIS:	TYPE = MIXTURE;
  OUTPUT:	TECH1 TECH8;



*** WARNING in MODEL command
  All variables are uncorrelated with all other variables within class.
  Check that this is what is intended.
   1 WARNING(S) FOUND IN THE INPUT INSTRUCTIONS



this is an example of a LCA with
continuous latent class indicators using
automatic starting values with random
starts

SUMMARY OF ANALYSIS

Number of groups                                                 1
Number of observations                                         500

Number of dependent variables                                    4
Number of independent variables                                  0
Number of continuous latent variables                            0
Number of categorical latent variables                           1

Observed dependent variables

  Continuous
   Y1          Y2          Y3          Y4

Categorical latent variables
   C


Estimator                                                      MLR
Information matrix                                        OBSERVED
Optimization Specifications for the Quasi-Newton Algorithm for
Continuous Outcomes
  Maximum number of iterations                                 100
  Convergence criterion                                  0.100D-05
Optimization Specifications for the EM Algorithm
  Maximum number of iterations                                 500
  Convergence criteria
    Loglikelihood change                                 0.100D-06
    Relative loglikelihood change                        0.100D-06
    Derivative                                           0.100D-05
Optimization Specifications for the M step of the EM Algorithm for
Categorical Latent variables
  Number of M step iterations                                    1
  M step convergence criterion                           0.100D-05
  Basis for M step termination                           ITERATION
Optimization Specifications for the M step of the EM Algorithm for
Censored, Binary or Ordered Categorical (Ordinal), Unordered
Categorical (Nominal) and Count Outcomes
  Number of M step iterations                                    1
  M step convergence criterion                           0.100D-05
  Basis for M step termination                           ITERATION
  Maximum value for logit thresholds                            15
  Minimum value for logit thresholds                           -15
  Minimum expected cell size for chi-square              0.100D-01
Optimization algorithm                                         EMA
Random Starts Specifications
  Number of initial stage random starts                         20
  Number of final stage optimizations                            4
  Number of initial stage iterations                            10
  Initial stage convergence criterion                    0.100D+01
  Random starts scale                                    0.500D+01
  Random seed for generating random starts                       0

Input data file(s)
  ex7.9.dat
Input data format  FREE



UNIVARIATE SAMPLE STATISTICS


     UNIVARIATE HIGHER-ORDER MOMENT DESCRIPTIVE STATISTICS

         Variable/         Mean/     Skewness/   Minimum/ % with                Percentiles
        Sample Size      Variance    Kurtosis    Maximum  Min/Max      20%/60%    40%/80%    Median

     Y1                    0.035       0.025      -4.054    0.20%      -1.335     -0.421     -0.003
             500.000       2.228      -0.495       3.914    0.20%       0.495      1.443
     Y2                    0.002       0.014      -3.629    0.20%      -1.287     -0.344      0.035
             500.000       2.066      -0.608       3.515    0.20%       0.396      1.328
     Y3                   -0.001       0.086      -4.511    0.20%      -1.246     -0.423     -0.057
             500.000       1.808      -0.283       3.810    0.20%       0.284      1.196
     Y4                   -0.012      -0.114      -3.505    0.20%      -1.380     -0.358      0.037
             500.000       2.080      -0.590       3.539    0.20%       0.442      1.206

RANDOM STARTS RESULTS RANKED FROM THE BEST TO THE WORST LOGLIKELIHOOD VALUES

Final stage loglikelihood values at local maxima, seeds, and initial stage start numbers:

           -3168.636  573096           20
           -3171.558  415931           10
           -3172.636  650371           14
           -3173.185  253358           2



     WARNING:  THE BEST LOGLIKELIHOOD VALUE WAS NOT REPLICATED.  THE
     SOLUTION MAY NOT BE TRUSTWORTHY DUE TO LOCAL MAXIMA.  INCREASE THE
     NUMBER OF RANDOM STARTS.


THE MODEL ESTIMATION TERMINATED NORMALLY



MODEL FIT INFORMATION

Number of Free Parameters                       23

Loglikelihood

          H0 Value                       -3168.636
          H0 Scaling Correction Factor      0.9789
            for MLR

Information Criteria

          Akaike (AIC)                    6383.272
          Bayesian (BIC)                  6480.208
          Sample-Size Adjusted BIC        6407.204
            (n* = (n + 2) / 24)



FINAL CLASS COUNTS AND PROPORTIONS FOR THE LATENT CLASSES
BASED ON THE ESTIMATED MODEL

    Latent
   Classes

       1        122.38232          0.24476
       2        119.30878          0.23862
       3         54.86074          0.10972
       4        203.44816          0.40690


FINAL CLASS COUNTS AND PROPORTIONS FOR THE LATENT CLASSES
BASED ON ESTIMATED POSTERIOR PROBABILITIES

    Latent
   Classes

       1        122.38232          0.24476
       2        119.30878          0.23862
       3         54.86074          0.10972
       4        203.44816          0.40690


FINAL CLASS COUNTS AND PROPORTIONS FOR THE LATENT CLASSES
BASED ON THEIR MOST LIKELY LATENT CLASS MEMBERSHIP

Class Counts and Proportions

    Latent
   Classes

       1              122          0.24400
       2              118          0.23600
       3               39          0.07800
       4              221          0.44200


CLASSIFICATION QUALITY

     Entropy                         0.683


Classification Probabilities for the Most Likely Latent Class Membership (Column)
by Latent Class (Row)

           1        2        3        4

    1   0.802    0.192    0.000    0.006
    2   0.199    0.751    0.012    0.039
    3   0.000    0.030    0.497    0.474
    4   0.000    0.017    0.051    0.932


Logits for the Classification Probabilities for the Most Likely Latent Class Membership (Column)
by Latent Class (Row)

              1        2        3        4

    1      4.838    3.406   -4.315    0.000
    2      1.641    2.968   -1.189    0.000
    3    -10.068   -2.776    0.047    0.000
    4     -7.592   -4.025   -2.909    0.000


MODEL RESULTS

                                                    Two-Tailed
                    Estimate       S.E.  Est./S.E.    P-Value

Latent Class 1

 Means
    Y1                -0.968      0.125     -7.720      0.000
    Y2                -1.060      0.116     -9.113      0.000
    Y3                -1.053      0.110     -9.609      0.000
    Y4                -1.747      0.211     -8.274      0.000

 Variances
    Y1                 1.123      0.073     15.361      0.000
    Y2                 0.963      0.062     15.425      0.000
    Y3                 0.937      0.071     13.189      0.000
    Y4                 0.670      0.118      5.674      0.000

Latent Class 2

 Means
    Y1                -1.121      0.146     -7.675      0.000
    Y2                -1.099      0.137     -8.033      0.000
    Y3                -0.810      0.117     -6.944      0.000
    Y4                -0.414      0.196     -2.112      0.035

 Variances
    Y1                 1.123      0.073     15.361      0.000
    Y2                 0.963      0.062     15.425      0.000
    Y3                 0.937      0.071     13.189      0.000
    Y4                 0.670      0.118      5.674      0.000

Latent Class 3

 Means
    Y1                 0.720      0.241      2.993      0.003
    Y2                 0.772      0.197      3.909      0.000
    Y3                 0.270      0.276      0.980      0.327
    Y4                 1.886      0.336      5.616      0.000

 Variances
    Y1                 1.123      0.073     15.361      0.000
    Y2                 0.963      0.062     15.425      0.000
    Y3                 0.937      0.071     13.189      0.000
    Y4                 0.670      0.118      5.674      0.000

Latent Class 4

 Means
    Y1                 1.131      0.094     12.050      0.000
    Y2                 1.080      0.082     13.243      0.000
    Y3                 1.033      0.111      9.270      0.000
    Y4                 0.755      0.119      6.354      0.000

 Variances
    Y1                 1.123      0.073     15.361      0.000
    Y2                 0.963      0.062     15.425      0.000
    Y3                 0.937      0.071     13.189      0.000
    Y4                 0.670      0.118      5.674      0.000

Categorical Latent Variables

 Means
    C#1               -0.508      0.283     -1.796      0.072
    C#2               -0.534      0.306     -1.745      0.081
    C#3               -1.311      0.637     -2.059      0.040


QUALITY OF NUMERICAL RESULTS

     Condition Number for the Information Matrix              0.489E-02
       (ratio of smallest to largest eigenvalue)


TECHNICAL 1 OUTPUT


     PARAMETER SPECIFICATION FOR LATENT CLASS 1


           NU
              Y1            Y2            Y3            Y4
              ________      ________      ________      ________
                    1             2             3             4


           THETA
              Y1            Y2            Y3            Y4
              ________      ________      ________      ________
 Y1                 5
 Y2                 0             6
 Y3                 0             0             7
 Y4                 0             0             0             8


     PARAMETER SPECIFICATION FOR LATENT CLASS 2


           NU
              Y1            Y2            Y3            Y4
              ________      ________      ________      ________
                    9            10            11            12


           THETA
              Y1            Y2            Y3            Y4
              ________      ________      ________      ________
 Y1                 5
 Y2                 0             6
 Y3                 0             0             7
 Y4                 0             0             0             8


     PARAMETER SPECIFICATION FOR LATENT CLASS 3


           NU
              Y1            Y2            Y3            Y4
              ________      ________      ________      ________
                   13            14            15            16


           THETA
              Y1            Y2            Y3            Y4
              ________      ________      ________      ________
 Y1                 5
 Y2                 0             6
 Y3                 0             0             7
 Y4                 0             0             0             8


     PARAMETER SPECIFICATION FOR LATENT CLASS 4


           NU
              Y1            Y2            Y3            Y4
              ________      ________      ________      ________
                   17            18            19            20


           THETA
              Y1            Y2            Y3            Y4
              ________      ________      ________      ________
 Y1                 5
 Y2                 0             6
 Y3                 0             0             7
 Y4                 0             0             0             8


     PARAMETER SPECIFICATION FOR LATENT CLASS REGRESSION MODEL PART


           ALPHA(C)
              C#1           C#2           C#3           C#4
              ________      ________      ________      ________
                   21            22            23             0


     STARTING VALUES FOR LATENT CLASS 1


           NU
              Y1            Y2            Y3            Y4
              ________      ________      ________      ________
               -1.458        -1.435        -1.345        -1.455


           THETA
              Y1            Y2            Y3            Y4
              ________      ________      ________      ________
 Y1             1.114
 Y2             0.000         1.033
 Y3             0.000         0.000         0.904
 Y4             0.000         0.000         0.000         1.040


     STARTING VALUES FOR LATENT CLASS 2


           NU
              Y1            Y2            Y3            Y4
              ________      ________      ________      ________
                0.035         0.002        -0.001        -0.012


           THETA
              Y1            Y2            Y3            Y4
              ________      ________      ________      ________
 Y1             1.114
 Y2             0.000         1.033
 Y3             0.000         0.000         0.904
 Y4             0.000         0.000         0.000         1.040


     STARTING VALUES FOR LATENT CLASS 3


           NU
              Y1            Y2            Y3            Y4
              ________      ________      ________      ________
                0.035         0.002        -0.001        -0.012


           THETA
              Y1            Y2            Y3            Y4
              ________      ________      ________      ________
 Y1             1.114
 Y2             0.000         1.033
 Y3             0.000         0.000         0.904
 Y4             0.000         0.000         0.000         1.040


     STARTING VALUES FOR LATENT CLASS 4


           NU
              Y1            Y2            Y3            Y4
              ________      ________      ________      ________
                1.528         1.440         1.344         1.430


           THETA
              Y1            Y2            Y3            Y4
              ________      ________      ________      ________
 Y1             1.114
 Y2             0.000         1.033
 Y3             0.000         0.000         0.904
 Y4             0.000         0.000         0.000         1.040


     STARTING VALUES FOR LATENT CLASS REGRESSION MODEL PART


           ALPHA(C)
              C#1           C#2           C#3           C#4
              ________      ________      ________      ________
                0.000         0.000         0.000         0.000


TECHNICAL 8 OUTPUT


  INITIAL STAGE ITERATIONS


  TECHNICAL 8 OUTPUT FOR UNPERTURBED STARTING VALUE SET


   E STEP  ITER  LOGLIKELIHOOD    ABS CHANGE   REL CHANGE  ALGORITHM
              1 -0.32808583D+04    0.0000000    0.0000000  EM
              2 -0.32246143D+04   56.2439717    0.0171431  EM
              3 -0.32005554D+04   24.0588633    0.0074610  EM
              4 -0.31890392D+04   11.5162465    0.0035982  EM
              5 -0.31833962D+04    5.6429899    0.0017695  EM
              6 -0.31803405D+04    3.0556556    0.0009599  EM
              7 -0.31784908D+04    1.8496930    0.0005816  EM
              8 -0.31772619D+04    1.2289109    0.0003866  EM
              9 -0.31763832D+04    0.8787551    0.0002766  EM


  TECHNICAL 8 OUTPUT FOR STARTING VALUE SET 1


   E STEP  ITER  LOGLIKELIHOOD    ABS CHANGE   REL CHANGE  ALGORITHM
              1 -0.61258724D+04    0.0000000    0.0000000  EM
              2 -0.32947639D+04 2831.1085275    0.4621560  EM
              3 -0.32186338D+04   76.1301050    0.0231064  EM
              4 -0.31938410D+04   24.7928200    0.0077029  EM
              5 -0.31843753D+04    9.4656200    0.0029637  EM
              6 -0.31799044D+04    4.4709223    0.0014040  EM
              7 -0.31775079D+04    2.3964816    0.0007536  EM
              8 -0.31761047D+04    1.4032604    0.0004416  EM
              9 -0.31752147D+04    0.8899693    0.0002802  EM


  TECHNICAL 8 OUTPUT FOR STARTING VALUE SET 2


   E STEP  ITER  LOGLIKELIHOOD    ABS CHANGE   REL CHANGE  ALGORITHM
              1 -0.48630419D+04    0.0000000    0.0000000  EM
              2 -0.34702929D+04 1392.7489059    0.2863946  EM
              3 -0.33804108D+04   89.8821922    0.0259005  EM
              4 -0.32708902D+04  109.5205612    0.0323986  EM
              5 -0.31982239D+04   72.6662968    0.0222161  EM
              6 -0.31787947D+04   19.4292466    0.0060750  EM
              7 -0.31744681D+04    4.3265133    0.0013611  EM
              8 -0.31735250D+04    0.9431379    0.0002971  EM


  TECHNICAL 8 OUTPUT FOR STARTING VALUE SET 3


   E STEP  ITER  LOGLIKELIHOOD    ABS CHANGE   REL CHANGE  ALGORITHM
              1 -0.61203316D+04    0.0000000    0.0000000  EM
              2 -0.32758512D+04 2844.4803598    0.4647592  EM
              3 -0.31981536D+04   77.6976100    0.0237183  EM
              4 -0.31816161D+04   16.5374656    0.0051709  EM
              5 -0.31777283D+04    3.8878480    0.0012220  EM
              6 -0.31763310D+04    1.3973188    0.0004397  EM
              7 -0.31755614D+04    0.7695374    0.0002423  EM


  TECHNICAL 8 OUTPUT FOR STARTING VALUE SET 4


   E STEP  ITER  LOGLIKELIHOOD    ABS CHANGE   REL CHANGE  ALGORITHM
              1 -0.77920614D+04    0.0000000    0.0000000  EM
              2 -0.34965829D+04 4295.4785674    0.5512634  EM
              3 -0.33925877D+04  103.9951421    0.0297419  EM
              4 -0.32987582D+04   93.8295449    0.0276572  EM
              5 -0.32268348D+04   71.9234084    0.0218032  EM
              6 -0.31927477D+04   34.0870597    0.0105636  EM
              7 -0.31821298D+04   10.6179201    0.0033256  EM
              8 -0.31787520D+04    3.3778051    0.0010615  EM
              9 -0.31773232D+04    1.4288321    0.0004495  EM
             10 -0.31765362D+04    0.7870051    0.0002477  EM


  TECHNICAL 8 OUTPUT FOR STARTING VALUE SET 5


   E STEP  ITER  LOGLIKELIHOOD    ABS CHANGE   REL CHANGE  ALGORITHM
              1 -0.59830515D+04    0.0000000    0.0000000  EM
              2 -0.35272024D+04 2455.8490711    0.4104676  EM
              3 -0.34727717D+04   54.4307198    0.0154317  EM
              4 -0.34068189D+04   65.9528437    0.0189914  EM
              5 -0.33334082D+04   73.4107154    0.0215482  EM
              6 -0.32666015D+04   66.8067033    0.0200416  EM
              7 -0.32212941D+04   45.3073799    0.0138699  EM
              8 -0.31976100D+04   23.6840427    0.0073523  EM
              9 -0.31867855D+04   10.8245555    0.0033852  EM
             10 -0.31816407D+04    5.1447375    0.0016144  EM


  TECHNICAL 8 OUTPUT FOR STARTING VALUE SET 6


   E STEP  ITER  LOGLIKELIHOOD    ABS CHANGE   REL CHANGE  ALGORITHM
              1 -0.61297214D+04    0.0000000    0.0000000  EM
              2 -0.32297021D+04 2900.0192589    0.4731078  EM
              3 -0.31852895D+04   44.4125919    0.0137513  EM
              4 -0.31777150D+04    7.5744733    0.0023780  EM
              5 -0.31763181D+04    1.3969655    0.0004396  EM
              6 -0.31757411D+04    0.5769407    0.0001816  EM


  TECHNICAL 8 OUTPUT FOR STARTING VALUE SET 7


   E STEP  ITER  LOGLIKELIHOOD    ABS CHANGE   REL CHANGE  ALGORITHM
              1 -0.10137802D+05    0.0000000    0.0000000  EM
              2 -0.34024120D+04 6735.3901440    0.6643837  EM
              3 -0.32650990D+04  137.3130248    0.0403576  EM
              4 -0.32010227D+04   64.0762890    0.0196246  EM
              5 -0.31829689D+04   18.0537973    0.0056400  EM
              6 -0.31785111D+04    4.4577602    0.0014005  EM
              7 -0.31766680D+04    1.8431043    0.0005799  EM
              8 -0.31754990D+04    1.1690601    0.0003680  EM
              9 -0.31745470D+04    0.9519632    0.0002998  EM


  TECHNICAL 8 OUTPUT FOR STARTING VALUE SET 8


   E STEP  ITER  LOGLIKELIHOOD    ABS CHANGE   REL CHANGE  ALGORITHM
              1 -0.62978598D+04    0.0000000    0.0000000  EM
              2 -0.31900157D+04 3107.8441797    0.4934762  EM
              3 -0.31799685D+04   10.0471639    0.0031496  EM
              4 -0.31778097D+04    2.1587850    0.0006789  EM
              5 -0.31767663D+04    1.0434487    0.0003284  EM
              6 -0.31760019D+04    0.7643806    0.0002406  EM


  TECHNICAL 8 OUTPUT FOR STARTING VALUE SET 9


   E STEP  ITER  LOGLIKELIHOOD    ABS CHANGE   REL CHANGE  ALGORITHM
              1 -0.84561736D+04    0.0000000    0.0000000  EM
              2 -0.33609065D+04 5095.2670735    0.6025500  EM
              3 -0.32647521D+04   96.1544163    0.0286097  EM
              4 -0.32111108D+04   53.6413417    0.0164304  EM
              5 -0.31897958D+04   21.3149435    0.0066379  EM
              6 -0.31823059D+04    7.4899013    0.0023481  EM
              7 -0.31791152D+04    3.1907004    0.0010026  EM
              8 -0.31774585D+04    1.6567359    0.0005211  EM
              9 -0.31764835D+04    0.9749754    0.0003068  EM


  TECHNICAL 8 OUTPUT FOR STARTING VALUE SET 10


   E STEP  ITER  LOGLIKELIHOOD    ABS CHANGE   REL CHANGE  ALGORITHM
              1 -0.63296703D+04    0.0000000    0.0000000  EM
              2 -0.32981021D+04 3031.5681503    0.4789457  EM
              3 -0.32056082D+04   92.4939275    0.0280446  EM
              4 -0.31795215D+04   26.0866626    0.0081378  EM
              5 -0.31752365D+04    4.2850677    0.0013477  EM
              6 -0.31740920D+04    1.1444476    0.0003604  EM
              7 -0.31735723D+04    0.5197202    0.0001637  EM


  TECHNICAL 8 OUTPUT FOR STARTING VALUE SET 11


   E STEP  ITER  LOGLIKELIHOOD    ABS CHANGE   REL CHANGE  ALGORITHM
              1 -0.10606934D+05    0.0000000    0.0000000  EM
              2 -0.33160214D+04 7290.9125125    0.6873723  EM
              3 -0.32080354D+04  107.9859871    0.0325649  EM
              4 -0.31798994D+04   28.1359518    0.0087705  EM
              5 -0.31757891D+04    4.1103086    0.0012926  EM
              6 -0.31747637D+04    1.0254211    0.0003229  EM
              7 -0.31743267D+04    0.4369561    0.0001376  EM


  TECHNICAL 8 OUTPUT FOR STARTING VALUE SET 12


   E STEP  ITER  LOGLIKELIHOOD    ABS CHANGE   REL CHANGE  ALGORITHM
              1 -0.60720622D+04    0.0000000    0.0000000  EM
              2 -0.33146426D+04 2757.4195626    0.4541158  EM
              3 -0.32281449D+04   86.4977273    0.0260956  EM
              4 -0.31992025D+04   28.9423833    0.0089656  EM
              5 -0.31875673D+04   11.6351840    0.0036369  EM
              6 -0.31822511D+04    5.3162348    0.0016678  EM
              7 -0.31794549D+04    2.7961469    0.0008787  EM
              8 -0.31777996D+04    1.6553380    0.0005206  EM
              9 -0.31767332D+04    1.0663752    0.0003356  EM
             10 -0.31760022D+04    0.7310368    0.0002301  EM


  TECHNICAL 8 OUTPUT FOR STARTING VALUE SET 13


   E STEP  ITER  LOGLIKELIHOOD    ABS CHANGE   REL CHANGE  ALGORITHM
              1 -0.86189622D+04    0.0000000    0.0000000  EM
              2 -0.33638078D+04 5255.1543894    0.6097201  EM
              3 -0.32376005D+04  126.2073530    0.0375192  EM
              4 -0.31875134D+04   50.0870383    0.0154704  EM
              5 -0.31785359D+04    8.9775210    0.0028165  EM
              6 -0.31764403D+04    2.0955712    0.0006593  EM
              7 -0.31753664D+04    1.0739609    0.0003381  EM
              8 -0.31746238D+04    0.7425852    0.0002339  EM


  TECHNICAL 8 OUTPUT FOR STARTING VALUE SET 14


   E STEP  ITER  LOGLIKELIHOOD    ABS CHANGE   REL CHANGE  ALGORITHM
              1 -0.83409133D+04    0.0000000    0.0000000  EM
              2 -0.34173449D+04 4923.5683971    0.5902913  EM
              3 -0.32729822D+04  144.3627967    0.0422441  EM
              4 -0.32105995D+04   62.3826591    0.0190599  EM
              5 -0.31886056D+04   21.9938854    0.0068504  EM
              6 -0.31801509D+04    8.4547467    0.0026515  EM
              7 -0.31764169D+04    3.7339208    0.0011741  EM
              8 -0.31746329D+04    1.7840143    0.0005616  EM
              9 -0.31737356D+04    0.8973558    0.0002827  EM


  TECHNICAL 8 OUTPUT FOR STARTING VALUE SET 15


   E STEP  ITER  LOGLIKELIHOOD    ABS CHANGE   REL CHANGE  ALGORITHM
              1 -0.83518982D+04    0.0000000    0.0000000  EM
              2 -0.32315603D+04 5120.3378743    0.6130748  EM
              3 -0.31881007D+04   43.4595548    0.0134485  EM
              4 -0.31809259D+04    7.1748534    0.0022505  EM
              5 -0.31784200D+04    2.5058752    0.0007878  EM
              6 -0.31769568D+04    1.4631852    0.0004603  EM
              7 -0.31759112D+04    1.0456347    0.0003291  EM
              8 -0.31751634D+04    0.7477855    0.0002355  EM


  TECHNICAL 8 OUTPUT FOR STARTING VALUE SET 16


   E STEP  ITER  LOGLIKELIHOOD    ABS CHANGE   REL CHANGE  ALGORITHM
              1 -0.95802373D+04    0.0000000    0.0000000  EM
              2 -0.33819201D+04 6198.3171716    0.6469899  EM
              3 -0.32303499D+04  151.5702380    0.0448178  EM
              4 -0.31893381D+04   41.0117110    0.0126957  EM
              5 -0.31812020D+04    8.1361816    0.0025511  EM
              6 -0.31787274D+04    2.4745573    0.0007779  EM
              7 -0.31775577D+04    1.1697497    0.0003680  EM
              8 -0.31768847D+04    0.6729426    0.0002118  EM


  TECHNICAL 8 OUTPUT FOR STARTING VALUE SET 17


   E STEP  ITER  LOGLIKELIHOOD    ABS CHANGE   REL CHANGE  ALGORITHM
              1 -0.10243693D+05    0.0000000    0.0000000  EM
              2 -0.31946053D+04 7049.0877223    0.6881393  EM
              3 -0.31814943D+04   13.1110401    0.0041041  EM
              4 -0.31786232D+04    2.8710958    0.0009024  EM
              5 -0.31774830D+04    1.1401283    0.0003587  EM
              6 -0.31768814D+04    0.6016550    0.0001893  EM


  TECHNICAL 8 OUTPUT FOR STARTING VALUE SET 18


   E STEP  ITER  LOGLIKELIHOOD    ABS CHANGE   REL CHANGE  ALGORITHM
              1 -0.76094360D+04    0.0000000    0.0000000  EM
              2 -0.32417943D+04 4367.6416957    0.5739771  EM
              3 -0.31927790D+04   49.0152453    0.0151198  EM
              4 -0.31827718D+04   10.0071655    0.0031343  EM
              5 -0.31793416D+04    3.4302264    0.0010777  EM
              6 -0.31775881D+04    1.7535511    0.0005515  EM
              7 -0.31764839D+04    1.1041462    0.0003475  EM
              8 -0.31756990D+04    0.7849370    0.0002471  EM


  TECHNICAL 8 OUTPUT FOR STARTING VALUE SET 19


   E STEP  ITER  LOGLIKELIHOOD    ABS CHANGE   REL CHANGE  ALGORITHM
              1 -0.90406001D+04    0.0000000    0.0000000  EM
              2 -0.33860753D+04 5654.5248062    0.6254590  EM
              3 -0.32581901D+04  127.8851842    0.0377680  EM
              4 -0.32077117D+04   50.4783457    0.0154928  EM
              5 -0.31902607D+04   17.4509965    0.0054403  EM
              6 -0.31834171D+04    6.8435946    0.0021452  EM
              7 -0.31802692D+04    3.1478943    0.0009888  EM
              8 -0.31784712D+04    1.7980001    0.0005654  EM
              9 -0.31772954D+04    1.1758885    0.0003700  EM
             10 -0.31764736D+04    0.8217500    0.0002586  EM


  TECHNICAL 8 OUTPUT FOR STARTING VALUE SET 20


   E STEP  ITER  LOGLIKELIHOOD    ABS CHANGE   REL CHANGE  ALGORITHM
              1 -0.95949714D+04    0.0000000    0.0000000  EM
              2 -0.32761460D+04 6318.8254089    0.6585559  EM
              3 -0.31834176D+04   92.7283779    0.0283041  EM
              4 -0.31758287D+04    7.5888915    0.0023839  EM
              5 -0.31743429D+04    1.4857552    0.0004678  EM
              6 -0.31734648D+04    0.8781531    0.0002766  EM


  FINAL STAGE ITERATIONS


  TECHNICAL 8 OUTPUT FOR STARTING VALUE SET 20


              6 -0.31734648D+04    0.8781531    0.0002766  EM
              7 -0.31728040D+04    0.6608237    0.0002082  EM
              8 -0.31723036D+04    0.5003790    0.0001577  EM
              9 -0.31719408D+04    0.3627726    0.0001144  EM
             10 -0.31716883D+04    0.2525381    0.0000796  EM
             11 -0.31715155D+04    0.1727397    0.0000545  EM
             12 -0.31713960D+04    0.1195353    0.0000377  EM
             13 -0.31713100D+04    0.0860091    0.0000271  EM
             14 -0.31712443D+04    0.0656445    0.0000207  EM
             15 -0.31711908D+04    0.0535800    0.0000169  EM
             16 -0.31711442D+04    0.0465832    0.0000147  EM
             17 -0.31711015D+04    0.0426249    0.0000134  EM
             18 -0.31710611D+04    0.0404679    0.0000128  EM
             19 -0.31710217D+04    0.0393720    0.0000124  EM
             20 -0.31709828D+04    0.0388954    0.0000123  EM
             21 -0.31709440D+04    0.0387726    0.0000122  EM
             22 -0.31709052D+04    0.0388429    0.0000122  EM
             23 -0.31708662D+04    0.0390077    0.0000123  EM
             24 -0.31708270D+04    0.0392064    0.0000124  EM
             25 -0.31707876D+04    0.0394015    0.0000124  EM
             26 -0.31707480D+04    0.0395701    0.0000125  EM
             27 -0.31707083D+04    0.0396992    0.0000125  EM
             28 -0.31706685D+04    0.0397821    0.0000125  EM
             29 -0.31706287D+04    0.0398164    0.0000126  EM
             30 -0.31705889D+04    0.0398026    0.0000126  EM
             31 -0.31705492D+04    0.0397431    0.0000125  EM
             32 -0.31705095D+04    0.0396410    0.0000125  EM
             33 -0.31704700D+04    0.0395003    0.0000125  EM
             34 -0.31704307D+04    0.0393248    0.0000124  EM
             35 -0.31703916D+04    0.0391184    0.0000123  EM
             36 -0.31703527D+04    0.0388848    0.0000123  EM
             37 -0.31703141D+04    0.0386271    0.0000122  EM
             38 -0.31702757D+04    0.0383482    0.0000121  EM
             39 -0.31702377D+04    0.0380510    0.0000120  EM
             40 -0.31701999D+04    0.0377375    0.0000119  EM
             41 -0.31701625D+04    0.0374098    0.0000118  EM
             42 -0.31701255D+04    0.0370696    0.0000117  EM
             43 -0.31700887D+04    0.0367183    0.0000116  EM
             44 -0.31700524D+04    0.0363575    0.0000115  EM
             45 -0.31700164D+04    0.0359878    0.0000114  EM
             46 -0.31699808D+04    0.0356106    0.0000112  EM
             47 -0.31699456D+04    0.0352262    0.0000111  EM
             48 -0.31699107D+04    0.0348355    0.0000110  EM
             49 -0.31698763D+04    0.0344388    0.0000109  EM
             50 -0.31698422D+04    0.0340366    0.0000107  EM
             51 -0.31698086D+04    0.0336292    0.0000106  EM
             52 -0.31697754D+04    0.0332164    0.0000105  EM
             53 -0.31697426D+04    0.0327989    0.0000103  EM
             54 -0.31697102D+04    0.0323761    0.0000102  EM
             55 -0.31696783D+04    0.0319483    0.0000101  EM
             56 -0.31696468D+04    0.0315154    0.0000099  EM
             57 -0.31696157D+04    0.0310773    0.0000098  EM
             58 -0.31695851D+04    0.0306337    0.0000097  EM
             59 -0.31695549D+04    0.0301843    0.0000095  EM
             60 -0.31695251D+04    0.0297291    0.0000094  EM
             61 -0.31694959D+04    0.0292682    0.0000092  EM
             62 -0.31694671D+04    0.0288004    0.0000091  EM
             63 -0.31694387D+04    0.0283268    0.0000089  EM
             64 -0.31694109D+04    0.0278463    0.0000088  EM
             65 -0.31693835D+04    0.0273584    0.0000086  EM
             66 -0.31686359D+04    0.7476796    0.0002359  QN
             67 -0.31686359D+04    0.0000000    0.0000000  EM


  TECHNICAL 8 OUTPUT FOR STARTING VALUE SET 2


              8 -0.31735250D+04    0.9431379    0.0002971  EM
              9 -0.31733416D+04    0.1833586    0.0000578  EM
             10 -0.31733032D+04    0.0384448    0.0000121  EM
             11 -0.31732918D+04    0.0113749    0.0000036  EM
             12 -0.31732868D+04    0.0050712    0.0000016  EM
             13 -0.31732837D+04    0.0030910    0.0000010  EM
             14 -0.31732814D+04    0.0022567    0.0000007  EM
             15 -0.31732796D+04    0.0018337    0.0000006  EM
             16 -0.31732780D+04    0.0016031    0.0000005  EM
             17 -0.31732765D+04    0.0014800    0.0000005  EM
             18 -0.31732751D+04    0.0014230    0.0000004  EM
             19 -0.31732737D+04    0.0014108    0.0000004  EM
             20 -0.31732722D+04    0.0014319    0.0000005  EM
             21 -0.31732707D+04    0.0014785    0.0000005  EM
             22 -0.31732692D+04    0.0015452    0.0000005  EM
             23 -0.31732676D+04    0.0016282    0.0000005  EM
             24 -0.31732658D+04    0.0017240    0.0000005  EM
             25 -0.31732640D+04    0.0018296    0.0000006  EM
             26 -0.31732621D+04    0.0019415    0.0000006  EM
             27 -0.31732600D+04    0.0020564    0.0000006  EM
             28 -0.31732578D+04    0.0021700    0.0000007  EM
             29 -0.31732556D+04    0.0022780    0.0000007  EM
             30 -0.31732532D+04    0.0023754    0.0000007  EM
             31 -0.31732507D+04    0.0024569    0.0000008  EM
             32 -0.31732482D+04    0.0025173    0.0000008  EM
             33 -0.31732457D+04    0.0025519    0.0000008  EM
             34 -0.31732431D+04    0.0025566    0.0000008  EM
             35 -0.31732406D+04    0.0025289    0.0000008  EM
             36 -0.31732381D+04    0.0024681    0.0000008  EM
             37 -0.31732357D+04    0.0023755    0.0000007  EM
             38 -0.31732335D+04    0.0022545    0.0000007  EM
             39 -0.31732314D+04    0.0021102    0.0000007  EM
             40 -0.31732294D+04    0.0019492    0.0000006  EM
             41 -0.31732276D+04    0.0017789    0.0000006  EM
             42 -0.31732260D+04    0.0016065    0.0000005  EM
             43 -0.31732246D+04    0.0014386    0.0000005  EM
             44 -0.31732233D+04    0.0012805    0.0000004  EM
             45 -0.31732222D+04    0.0011362    0.0000004  EM
             46 -0.31732212D+04    0.0010082    0.0000003  EM
             47 -0.31732203D+04    0.0008976    0.0000003  EM
             48 -0.31732195D+04    0.0008041    0.0000003  EM
             49 -0.31732187D+04    0.0007267    0.0000002  EM
             50 -0.31732181D+04    0.0006640    0.0000002  EM
             51 -0.31732175D+04    0.0006140    0.0000002  EM
             52 -0.31732169D+04    0.0005748    0.0000002  EM
             53 -0.31732164D+04    0.0005446    0.0000002  EM
             54 -0.31732158D+04    0.0005216    0.0000002  EM
             55 -0.31732153D+04    0.0005044    0.0000002  EM
             56 -0.31732148D+04    0.0004917    0.0000002  EM
             57 -0.31732144D+04    0.0004825    0.0000002  EM
             58 -0.31732139D+04    0.0004760    0.0000002  EM
             59 -0.31732134D+04    0.0004715    0.0000001  EM
             60 -0.31732129D+04    0.0004684    0.0000001  EM
             61 -0.31732125D+04    0.0004664    0.0000001  EM
             62 -0.31732120D+04    0.0004652    0.0000001  EM
             63 -0.31732115D+04    0.0004646    0.0000001  EM
             64 -0.31732111D+04    0.0004643    0.0000001  EM
             65 -0.31731851D+04    0.0259891    0.0000082  QN
             66 -0.31731851D+04    0.0000000    0.0000000  EM


  TECHNICAL 8 OUTPUT FOR STARTING VALUE SET 10


              7 -0.31735723D+04    0.5197202    0.0001637  EM
              8 -0.31732651D+04    0.3071582    0.0000968  EM
              9 -0.31730634D+04    0.2017310    0.0000636  EM
             10 -0.31729237D+04    0.1396633    0.0000440  EM
             11 -0.31728231D+04    0.1006572    0.0000317  EM
             12 -0.31727479D+04    0.0752401    0.0000237  EM
             13 -0.31726897D+04    0.0581103    0.0000183  EM
             14 -0.31726436D+04    0.0461765    0.0000146  EM
             15 -0.31726059D+04    0.0376575    0.0000119  EM
             16 -0.31725744D+04    0.0315341    0.0000099  EM
             17 -0.31725472D+04    0.0272139    0.0000086  EM
             18 -0.31725228D+04    0.0243333    0.0000077  EM
             19 -0.31725002D+04    0.0226487    0.0000071  EM
             20 -0.31724782D+04    0.0219842    0.0000069  EM
             21 -0.31724560D+04    0.0222080    0.0000070  EM
             22 -0.31724328D+04    0.0232201    0.0000073  EM
             23 -0.31724078D+04    0.0249458    0.0000079  EM
             24 -0.31723805D+04    0.0273215    0.0000086  EM
             25 -0.31723502D+04    0.0302810    0.0000095  EM
             26 -0.31723165D+04    0.0337347    0.0000106  EM
             27 -0.31722789D+04    0.0375459    0.0000118  EM
             28 -0.31722374D+04    0.0415032    0.0000131  EM
             29 -0.31721921D+04    0.0453068    0.0000143  EM
             30 -0.31721436D+04    0.0485703    0.0000153  EM
             31 -0.31720927D+04    0.0508615    0.0000160  EM
             32 -0.31720409D+04    0.0517782    0.0000163  EM
             33 -0.31719899D+04    0.0510537    0.0000161  EM
             34 -0.31719412D+04    0.0486468    0.0000153  EM
             35 -0.31718964D+04    0.0447738    0.0000141  EM
             36 -0.31718566D+04    0.0398595    0.0000126  EM
             37 -0.31718222D+04    0.0344287    0.0000109  EM
             38 -0.31717932D+04    0.0289810    0.0000091  EM
             39 -0.31717693D+04    0.0239008    0.0000075  EM
             40 -0.31717498D+04    0.0194221    0.0000061  EM
             41 -0.31717342D+04    0.0156397    0.0000049  EM
             42 -0.31717217D+04    0.0125469    0.0000040  EM
             43 -0.31717116D+04    0.0100760    0.0000032  EM
             44 -0.31717035D+04    0.0081333    0.0000026  EM
             45 -0.31716968D+04    0.0066211    0.0000021  EM
             46 -0.31716914D+04    0.0054500    0.0000017  EM
             47 -0.31716868D+04    0.0045445    0.0000014  EM
             48 -0.31716830D+04    0.0038431    0.0000012  EM
             49 -0.31716797D+04    0.0032986    0.0000010  EM
             50 -0.31716768D+04    0.0028741    0.0000009  EM
             51 -0.31716743D+04    0.0025392    0.0000008  EM
             52 -0.31716720D+04    0.0022753    0.0000007  EM
             53 -0.31716699D+04    0.0020650    0.0000007  EM
             54 -0.31716680D+04    0.0018959    0.0000006  EM
             55 -0.31716663D+04    0.0017588    0.0000006  EM
             56 -0.31716646D+04    0.0016464    0.0000005  EM
             57 -0.31716631D+04    0.0015533    0.0000005  EM
             58 -0.31716616D+04    0.0014754    0.0000005  EM
             59 -0.31716602D+04    0.0014093    0.0000004  EM
             60 -0.31716588D+04    0.0013525    0.0000004  EM
             61 -0.31716575D+04    0.0013032    0.0000004  EM
             62 -0.31716563D+04    0.0012598    0.0000004  EM
             63 -0.31716551D+04    0.0012210    0.0000004  EM
             64 -0.31716539D+04    0.0011861    0.0000004  EM
             65 -0.31716527D+04    0.0011541    0.0000004  EM
             66 -0.31715581D+04    0.0946245    0.0000298  QN
             67 -0.31715581D+04    0.0000000    0.0000000  EM


  TECHNICAL 8 OUTPUT FOR STARTING VALUE SET 14


              9 -0.31737356D+04    0.8973558    0.0002827  EM
             10 -0.31732572D+04    0.4783954    0.0001507  EM
             11 -0.31729932D+04    0.2639329    0.0000832  EM
             12 -0.31728450D+04    0.1482203    0.0000467  EM
             13 -0.31727608D+04    0.0842101    0.0000265  EM
             14 -0.31727125D+04    0.0483377    0.0000152  EM
             15 -0.31726844D+04    0.0280626    0.0000088  EM
             16 -0.31726679D+04    0.0165179    0.0000052  EM
             17 -0.31726580D+04    0.0098923    0.0000031  EM
             18 -0.31726519D+04    0.0060531    0.0000019  EM
             19 -0.31726481D+04    0.0038018    0.0000012  EM
             20 -0.31726457D+04    0.0024622    0.0000008  EM
             21 -0.31726440D+04    0.0016503    0.0000005  EM
             22 -0.31726429D+04    0.0011474    0.0000004  EM
             23 -0.31726421D+04    0.0008277    0.0000003  EM
             24 -0.31726414D+04    0.0006184    0.0000002  EM
             25 -0.31726410D+04    0.0004768    0.0000002  EM
             26 -0.31726406D+04    0.0003777    0.0000001  EM
             27 -0.31726403D+04    0.0003060    0.0000001  EM
             28 -0.31726400D+04    0.0002525    0.0000001  EM
             29 -0.31726398D+04    0.0002114    0.0000001  EM
             30 -0.31726396D+04    0.0001791    0.0000001  EM
             31 -0.31726395D+04    0.0001532    0.0000000  EM
             32 -0.31726393D+04    0.0001321    0.0000000  EM
             33 -0.31726392D+04    0.0001147    0.0000000  EM
             34 -0.31726391D+04    0.0001002    0.0000000  EM
             35 -0.31726390D+04    0.0000879    0.0000000  EM
             36 -0.31726390D+04    0.0000776    0.0000000  EM
             37 -0.31726389D+04    0.0000688    0.0000000  EM
             38 -0.31726388D+04    0.0000612    0.0000000  EM
             39 -0.31726388D+04    0.0000548    0.0000000  EM
             40 -0.31726387D+04    0.0000492    0.0000000  EM
             41 -0.31726387D+04    0.0000445    0.0000000  EM
             42 -0.31726387D+04    0.0000403    0.0000000  EM
             43 -0.31726386D+04    0.0000368    0.0000000  EM
             44 -0.31726386D+04    0.0000337    0.0000000  EM
             45 -0.31726385D+04    0.0000310    0.0000000  EM
             46 -0.31726385D+04    0.0000286    0.0000000  EM
             47 -0.31726385D+04    0.0000266    0.0000000  EM
             48 -0.31726385D+04    0.0000248    0.0000000  EM
             49 -0.31726384D+04    0.0000233    0.0000000  EM
             50 -0.31726384D+04    0.0000219    0.0000000  EM
             51 -0.31726384D+04    0.0000207    0.0000000  EM
             52 -0.31726384D+04    0.0000197    0.0000000  EM
             53 -0.31726384D+04    0.0000188    0.0000000  EM
             54 -0.31726383D+04    0.0000180    0.0000000  EM
             55 -0.31726383D+04    0.0000173    0.0000000  EM
             56 -0.31726383D+04    0.0000166    0.0000000  EM
             57 -0.31726383D+04    0.0000161    0.0000000  EM
             58 -0.31726383D+04    0.0000156    0.0000000  EM
             59 -0.31726383D+04    0.0000151    0.0000000  EM
             60 -0.31726383D+04    0.0000147    0.0000000  EM
             61 -0.31726382D+04    0.0000144    0.0000000  EM
             62 -0.31726382D+04    0.0000141    0.0000000  EM
             63 -0.31726382D+04    0.0000138    0.0000000  EM
             64 -0.31726382D+04    0.0000135    0.0000000  EM
             65 -0.31726382D+04    0.0000133    0.0000000  EM
             66 -0.31726382D+04    0.0000131    0.0000000  EM
             67 -0.31726382D+04    0.0000129    0.0000000  EM
             68 -0.31726381D+04    0.0000127    0.0000000  EM
             69 -0.31726381D+04    0.0000125    0.0000000  EM
             70 -0.31726381D+04    0.0000124    0.0000000  EM
             71 -0.31726381D+04    0.0000122    0.0000000  EM
             72 -0.31726381D+04    0.0000121    0.0000000  EM
             73 -0.31726381D+04    0.0000120    0.0000000  EM
             74 -0.31726381D+04    0.0000119    0.0000000  EM
             75 -0.31726381D+04    0.0000117    0.0000000  EM
             76 -0.31726380D+04    0.0000116    0.0000000  EM
             77 -0.31726380D+04    0.0000115    0.0000000  EM
             78 -0.31726363D+04    0.0017680    0.0000006  QN
             79 -0.31726363D+04    0.0000000    0.0000000  EM


DIAGRAM INFORMATION

  Mplus diagrams are currently not available for Mixture analysis.
  No diagram output was produced.


     Beginning Time:  18:28:43
        Ending Time:  18:28:44
       Elapsed Time:  00:00:01



MUTHEN & MUTHEN
3463 Stoner Ave.
Los Angeles, CA  90066

Tel: (310) 391-9971
Fax: (310) 391-8971
Web: www.StatModel.com
Support: Support@StatModel.com

Copyright (c) 1998-2019 Muthen & Muthen
