Mplus VERSION 8.4 (Linux)
MUTHEN & MUTHEN
03/15/2021   4:14 PM

INPUT INSTRUCTIONS

  DATA:       FILE = ex4.4.dat;
  VARIABLE:   NAMES = y1-y8;
  CLASSES =   c(5);
  ANALYSIS:   TYPE = MIXTURE;



*** WARNING in MODEL command
  All variables are uncorrelated with all other variables within class.
  Check that this is what is intended.
   1 WARNING(S) FOUND IN THE INPUT INSTRUCTIONS




SUMMARY OF ANALYSIS

Number of groups                                                 1
Number of observations                                        2000

Number of dependent variables                                    8
Number of independent variables                                  0
Number of continuous latent variables                            0
Number of categorical latent variables                           1

Observed dependent variables

  Continuous
   Y1          Y2          Y3          Y4          Y5          Y6
   Y7          Y8

Categorical latent variables
   C


Estimator                                                      MLR
Information matrix                                        OBSERVED
Optimization Specifications for the Quasi-Newton Algorithm for
Continuous Outcomes
  Maximum number of iterations                                 100
  Convergence criterion                                  0.100D-05
Optimization Specifications for the EM Algorithm
  Maximum number of iterations                                 500
  Convergence criteria
    Loglikelihood change                                 0.100D-06
    Relative loglikelihood change                        0.100D-06
    Derivative                                           0.100D-05
Optimization Specifications for the M step of the EM Algorithm for
Categorical Latent variables
  Number of M step iterations                                    1
  M step convergence criterion                           0.100D-05
  Basis for M step termination                           ITERATION
Optimization Specifications for the M step of the EM Algorithm for
Censored, Binary or Ordered Categorical (Ordinal), Unordered
Categorical (Nominal) and Count Outcomes
  Number of M step iterations                                    1
  M step convergence criterion                           0.100D-05
  Basis for M step termination                           ITERATION
  Maximum value for logit thresholds                            15
  Minimum value for logit thresholds                           -15
  Minimum expected cell size for chi-square              0.100D-01
Optimization algorithm                                         EMA
Random Starts Specifications
  Number of initial stage random starts                         20
  Number of final stage optimizations                            4
  Number of initial stage iterations                            10
  Initial stage convergence criterion                    0.100D+01
  Random starts scale                                    0.500D+01
  Random seed for generating random starts                       0

Input data file(s)
  ex4.4.dat
Input data format  FREE



UNIVARIATE SAMPLE STATISTICS


     UNIVARIATE HIGHER-ORDER MOMENT DESCRIPTIVE STATISTICS

         Variable/         Mean/     Skewness/   Minimum/ % with                Percentiles
        Sample Size      Variance    Kurtosis    Maximum  Min/Max      20%/60%    40%/80%    Median

     Y1                    0.504       0.273      -3.715    0.05%      -1.197     -0.354      0.313
            2000.000       3.347      -0.823       5.732    0.05%       0.987      2.314
     Y2                    0.478       0.282      -3.603    0.05%      -1.236     -0.340      0.229
            2000.000       3.259      -0.839       5.913    0.05%       0.932      2.281
     Y3                    0.515       0.230      -4.109    0.05%      -1.239     -0.302      0.341
            2000.000       3.368      -0.852       6.070    0.05%       1.048      2.356
     Y4                    0.512       0.278      -3.774    0.05%      -1.218     -0.362      0.260
            2000.000       3.326      -0.908       5.336    0.05%       1.013      2.305
     Y5                    0.459       0.284      -4.301    0.05%      -1.244     -0.394      0.199
            2000.000       3.309      -0.825       5.783    0.05%       0.962      2.257
     Y6                    0.476       0.289      -3.565    0.05%      -1.226     -0.346      0.253
            2000.000       3.194      -0.806       6.094    0.05%       0.918      2.213
     Y7                    0.464       0.317      -3.551    0.05%      -1.248     -0.386      0.214
            2000.000       3.298      -0.802       5.963    0.05%       0.922      2.242
     Y8                    0.418       0.296      -3.904    0.05%      -1.279     -0.397      0.145
            2000.000       3.306      -0.841       6.635    0.05%       0.876      2.189

RANDOM STARTS RESULTS RANKED FROM THE BEST TO THE WORST LOGLIKELIHOOD VALUES

Final stage loglikelihood values at local maxima, seeds, and initial stage start numbers:

          -22778.679  650371           14
          -22778.679  68985            17
          -22778.679  851945           18
          -22801.455  76974            16



THE BEST LOGLIKELIHOOD VALUE HAS BEEN REPLICATED.  RERUN WITH AT LEAST TWICE THE
RANDOM STARTS TO CHECK THAT THE BEST LOGLIKELIHOOD IS STILL OBTAINED AND REPLICATED.


THE MODEL ESTIMATION TERMINATED NORMALLY



MODEL FIT INFORMATION

Number of Free Parameters                       52

Loglikelihood

          H0 Value                      -22778.679
          H0 Scaling Correction Factor      1.2448
            for MLR

Information Criteria

          Akaike (AIC)                   45661.358
          Bayesian (BIC)                 45952.605
          Sample-Size Adjusted BIC       45787.399
            (n* = (n + 2) / 24)



FINAL CLASS COUNTS AND PROPORTIONS FOR THE LATENT CLASSES
BASED ON THE ESTIMATED MODEL

    Latent
   Classes

       1        213.85480          0.10693
       2        472.52264          0.23626
       3        521.95616          0.26098
       4        560.43987          0.28022
       5        231.22653          0.11561


FINAL CLASS COUNTS AND PROPORTIONS FOR THE LATENT CLASSES
BASED ON ESTIMATED POSTERIOR PROBABILITIES

    Latent
   Classes

       1        213.85480          0.10693
       2        472.52264          0.23626
       3        521.95616          0.26098
       4        560.43987          0.28022
       5        231.22653          0.11561


FINAL CLASS COUNTS AND PROPORTIONS FOR THE LATENT CLASSES
BASED ON THEIR MOST LIKELY LATENT CLASS MEMBERSHIP

Class Counts and Proportions

    Latent
   Classes

       1              211          0.10550
       2              471          0.23550
       3              523          0.26150
       4              568          0.28400
       5              227          0.11350


CLASSIFICATION QUALITY

     Entropy                         0.892


Classification Probabilities for the Most Likely Latent Class Membership (Column)
by Latent Class (Row)

           1        2        3        4        5

    1   0.876    0.000    0.012    0.112    0.000
    2   0.000    0.936    0.064    0.000    0.000
    3   0.006    0.055    0.939    0.000    0.000
    4   0.037    0.000    0.000    0.932    0.031
    5   0.000    0.000    0.000    0.093    0.907


Logits for the Classification Probabilities for the Most Likely Latent Class Membership (Column)
by Latent Class (Row)

              1        2        3        4        5

    1     13.683    0.000    9.381   11.627    0.000
    2      0.000   13.749   11.066    0.000    0.000
    3      8.663   10.915   13.753    0.000    0.000
    4      0.175  -10.339   -8.567    3.406    0.000
    5    -13.718  -13.718  -13.718   -2.275    0.000


MODEL RESULTS

                                                    Two-Tailed
                    Estimate       S.E.  Est./S.E.    P-Value

Latent Class 1

 Means
    Y1                -0.952      0.094    -10.099      0.000
    Y2                -0.976      0.110     -8.868      0.000
    Y3                -1.013      0.096    -10.581      0.000
    Y4                -0.911      0.098     -9.284      0.000
    Y5                 0.469      0.208      2.261      0.024
    Y6                 0.505      0.187      2.705      0.007
    Y7                 0.466      0.201      2.313      0.021
    Y8                 0.334      0.192      1.738      0.082

 Variances
    Y1                 0.773      0.027     28.460      0.000
    Y2                 0.747      0.026     29.092      0.000
    Y3                 0.773      0.027     28.367      0.000
    Y4                 0.710      0.025     28.959      0.000
    Y5                 0.719      0.026     27.977      0.000
    Y6                 0.675      0.023     29.504      0.000
    Y7                 0.667      0.023     29.604      0.000
    Y8                 0.691      0.028     25.100      0.000

Latent Class 2

 Means
    Y1                 2.863      0.081     35.308      0.000
    Y2                 2.803      0.070     39.978      0.000
    Y3                 2.865      0.072     39.888      0.000
    Y4                 2.901      0.080     36.315      0.000
    Y5                -1.035      0.045    -22.804      0.000
    Y6                -0.936      0.044    -21.055      0.000
    Y7                -0.931      0.046    -20.233      0.000
    Y8                -1.043      0.046    -22.767      0.000

 Variances
    Y1                 0.773      0.027     28.460      0.000
    Y2                 0.747      0.026     29.092      0.000
    Y3                 0.773      0.027     28.367      0.000
    Y4                 0.710      0.025     28.959      0.000
    Y5                 0.719      0.026     27.977      0.000
    Y6                 0.675      0.023     29.504      0.000
    Y7                 0.667      0.023     29.604      0.000
    Y8                 0.691      0.028     25.100      0.000

Latent Class 3

 Means
    Y1                 1.240      0.076     16.413      0.000
    Y2                 1.215      0.084     14.540      0.000
    Y3                 1.283      0.084     15.273      0.000
    Y4                 1.237      0.077     16.170      0.000
    Y5                -0.988      0.043    -23.182      0.000
    Y6                -1.006      0.042    -23.974      0.000
    Y7                -1.077      0.040    -26.847      0.000
    Y8                -1.050      0.042    -24.914      0.000

 Variances
    Y1                 0.773      0.027     28.460      0.000
    Y2                 0.747      0.026     29.092      0.000
    Y3                 0.773      0.027     28.367      0.000
    Y4                 0.710      0.025     28.959      0.000
    Y5                 0.719      0.026     27.977      0.000
    Y6                 0.675      0.023     29.504      0.000
    Y7                 0.667      0.023     29.604      0.000
    Y8                 0.691      0.028     25.100      0.000

Latent Class 4

 Means
    Y1                -0.988      0.045    -21.875      0.000
    Y2                -1.010      0.044    -22.813      0.000
    Y3                -0.998      0.048    -20.673      0.000
    Y4                -0.995      0.044    -22.366      0.000
    Y5                 1.882      0.110     17.099      0.000
    Y6                 1.858      0.106     17.513      0.000
    Y7                 1.860      0.108     17.281      0.000
    Y8                 1.854      0.112     16.534      0.000

 Variances
    Y1                 0.773      0.027     28.460      0.000
    Y2                 0.747      0.026     29.092      0.000
    Y3                 0.773      0.027     28.367      0.000
    Y4                 0.710      0.025     28.959      0.000
    Y5                 0.719      0.026     27.977      0.000
    Y6                 0.675      0.023     29.504      0.000
    Y7                 0.667      0.023     29.604      0.000
    Y8                 0.691      0.028     25.100      0.000

Latent Class 5

 Means
    Y1                -1.015      0.064    -15.780      0.000
    Y2                -0.983      0.064    -15.379      0.000
    Y3                -0.943      0.067    -14.018      0.000
    Y4                -1.038      0.065    -15.946      0.000
    Y5                 3.324      0.098     33.911      0.000
    Y6                 3.327      0.105     31.568      0.000
    Y7                 3.412      0.105     32.409      0.000
    Y8                 3.314      0.110     30.133      0.000

 Variances
    Y1                 0.773      0.027     28.460      0.000
    Y2                 0.747      0.026     29.092      0.000
    Y3                 0.773      0.027     28.367      0.000
    Y4                 0.710      0.025     28.959      0.000
    Y5                 0.719      0.026     27.977      0.000
    Y6                 0.675      0.023     29.504      0.000
    Y7                 0.667      0.023     29.604      0.000
    Y8                 0.691      0.028     25.100      0.000

Categorical Latent Variables

 Means
    C#1               -0.078      0.311     -0.251      0.802
    C#2                0.715      0.172      4.167      0.000
    C#3                0.814      0.142      5.751      0.000
    C#4                0.885      0.130      6.825      0.000


QUALITY OF NUMERICAL RESULTS

     Condition Number for the Information Matrix              0.101E-01
       (ratio of smallest to largest eigenvalue)


     Beginning Time:  16:14:25
        Ending Time:  16:14:27
       Elapsed Time:  00:00:02



MUTHEN & MUTHEN
3463 Stoner Ave.
Los Angeles, CA  90066

Tel: (310) 391-9971
Fax: (310) 391-8971
Web: www.StatModel.com
Support: Support@StatModel.com

Copyright (c) 1998-2019 Muthen & Muthen
