Mplus VERSION 8.4 (Linux)
MUTHEN & MUTHEN
03/15/2021   4:14 PM

INPUT INSTRUCTIONS

  DATA:       FILE = ex4.4.dat;
  VARIABLE:   NAMES = y1-y8;
  CLASSES =   c(7);
  ANALYSIS:   TYPE = MIXTURE;



*** WARNING in MODEL command
  All variables are uncorrelated with all other variables within class.
  Check that this is what is intended.
   1 WARNING(S) FOUND IN THE INPUT INSTRUCTIONS




SUMMARY OF ANALYSIS

Number of groups                                                 1
Number of observations                                        2000

Number of dependent variables                                    8
Number of independent variables                                  0
Number of continuous latent variables                            0
Number of categorical latent variables                           1

Observed dependent variables

  Continuous
   Y1          Y2          Y3          Y4          Y5          Y6
   Y7          Y8

Categorical latent variables
   C


Estimator                                                      MLR
Information matrix                                        OBSERVED
Optimization Specifications for the Quasi-Newton Algorithm for
Continuous Outcomes
  Maximum number of iterations                                 100
  Convergence criterion                                  0.100D-05
Optimization Specifications for the EM Algorithm
  Maximum number of iterations                                 500
  Convergence criteria
    Loglikelihood change                                 0.100D-06
    Relative loglikelihood change                        0.100D-06
    Derivative                                           0.100D-05
Optimization Specifications for the M step of the EM Algorithm for
Categorical Latent variables
  Number of M step iterations                                    1
  M step convergence criterion                           0.100D-05
  Basis for M step termination                           ITERATION
Optimization Specifications for the M step of the EM Algorithm for
Censored, Binary or Ordered Categorical (Ordinal), Unordered
Categorical (Nominal) and Count Outcomes
  Number of M step iterations                                    1
  M step convergence criterion                           0.100D-05
  Basis for M step termination                           ITERATION
  Maximum value for logit thresholds                            15
  Minimum value for logit thresholds                           -15
  Minimum expected cell size for chi-square              0.100D-01
Optimization algorithm                                         EMA
Random Starts Specifications
  Number of initial stage random starts                         20
  Number of final stage optimizations                            4
  Number of initial stage iterations                            10
  Initial stage convergence criterion                    0.100D+01
  Random starts scale                                    0.500D+01
  Random seed for generating random starts                       0

Input data file(s)
  ex4.4.dat
Input data format  FREE



UNIVARIATE SAMPLE STATISTICS


     UNIVARIATE HIGHER-ORDER MOMENT DESCRIPTIVE STATISTICS

         Variable/         Mean/     Skewness/   Minimum/ % with                Percentiles
        Sample Size      Variance    Kurtosis    Maximum  Min/Max      20%/60%    40%/80%    Median

     Y1                    0.504       0.273      -3.715    0.05%      -1.197     -0.354      0.313
            2000.000       3.347      -0.823       5.732    0.05%       0.987      2.314
     Y2                    0.478       0.282      -3.603    0.05%      -1.236     -0.340      0.229
            2000.000       3.259      -0.839       5.913    0.05%       0.932      2.281
     Y3                    0.515       0.230      -4.109    0.05%      -1.239     -0.302      0.341
            2000.000       3.368      -0.852       6.070    0.05%       1.048      2.356
     Y4                    0.512       0.278      -3.774    0.05%      -1.218     -0.362      0.260
            2000.000       3.326      -0.908       5.336    0.05%       1.013      2.305
     Y5                    0.459       0.284      -4.301    0.05%      -1.244     -0.394      0.199
            2000.000       3.309      -0.825       5.783    0.05%       0.962      2.257
     Y6                    0.476       0.289      -3.565    0.05%      -1.226     -0.346      0.253
            2000.000       3.194      -0.806       6.094    0.05%       0.918      2.213
     Y7                    0.464       0.317      -3.551    0.05%      -1.248     -0.386      0.214
            2000.000       3.298      -0.802       5.963    0.05%       0.922      2.242
     Y8                    0.418       0.296      -3.904    0.05%      -1.279     -0.397      0.145
            2000.000       3.306      -0.841       6.635    0.05%       0.876      2.189

RANDOM STARTS RESULTS RANKED FROM THE BEST TO THE WORST LOGLIKELIHOOD VALUES

Final stage loglikelihood values at local maxima, seeds, and initial stage start numbers:

          -22409.697  573096           20
          -22438.153  399671           13
          -22438.153  851945           18
          -22479.936  68985            17



     WARNING:  THE BEST LOGLIKELIHOOD VALUE WAS NOT REPLICATED.  THE
     SOLUTION MAY NOT BE TRUSTWORTHY DUE TO LOCAL MAXIMA.  INCREASE THE
     NUMBER OF RANDOM STARTS.


THE MODEL ESTIMATION TERMINATED NORMALLY



MODEL FIT INFORMATION

Number of Free Parameters                       70

Loglikelihood

          H0 Value                      -22409.697
          H0 Scaling Correction Factor      1.2296
            for MLR

Information Criteria

          Akaike (AIC)                   44959.394
          Bayesian (BIC)                 45351.457
          Sample-Size Adjusted BIC       45129.063
            (n* = (n + 2) / 24)



FINAL CLASS COUNTS AND PROPORTIONS FOR THE LATENT CLASSES
BASED ON THE ESTIMATED MODEL

    Latent
   Classes

       1        261.52613          0.13076
       2        261.80790          0.13090
       3        259.86912          0.12993
       4        333.04847          0.16652
       5        514.51059          0.25726
       6        160.22800          0.08011
       7        209.00979          0.10450


FINAL CLASS COUNTS AND PROPORTIONS FOR THE LATENT CLASSES
BASED ON ESTIMATED POSTERIOR PROBABILITIES

    Latent
   Classes

       1        261.52613          0.13076
       2        261.80790          0.13090
       3        259.86912          0.12993
       4        333.04847          0.16652
       5        514.51059          0.25726
       6        160.22800          0.08011
       7        209.00979          0.10450


FINAL CLASS COUNTS AND PROPORTIONS FOR THE LATENT CLASSES
BASED ON THEIR MOST LIKELY LATENT CLASS MEMBERSHIP

Class Counts and Proportions

    Latent
   Classes

       1              265          0.13250
       2              254          0.12700
       3              260          0.13000
       4              335          0.16750
       5              523          0.26150
       6              155          0.07750
       7              208          0.10400


CLASSIFICATION QUALITY

     Entropy                         0.854


Classification Probabilities for the Most Likely Latent Class Membership (Column)
by Latent Class (Row)

           1        2        3        4        5        6        7

    1   0.910    0.006    0.017    0.067    0.000    0.000    0.000
    2   0.007    0.882    0.000    0.000    0.111    0.000    0.000
    3   0.019    0.000    0.812    0.121    0.000    0.047    0.000
    4   0.060    0.000    0.083    0.836    0.000    0.020    0.000
    5   0.000    0.042    0.000    0.000    0.926    0.000    0.032
    6   0.000    0.000    0.104    0.047    0.000    0.849    0.000
    7   0.000    0.000    0.000    0.000    0.083    0.000    0.917


Logits for the Classification Probabilities for the Most Likely Latent Class Membership (Column)
by Latent Class (Row)

              1        2        3        4        5        6        7

    1     13.721    8.698    9.749   11.107    0.336    0.000    0.000
    2      8.887   13.689    0.000    0.000   11.620    0.000    0.000
    3      9.858    0.000   13.608   11.705    0.000   10.767    0.000
    4     11.007    0.000   11.332   13.637    0.000    9.898    0.000
    5    -10.363    0.284  -10.363  -10.363    3.376  -10.363    0.000
    6      0.000    0.000   11.550   10.760    0.000   13.652    0.000
    7    -13.729  -13.729  -13.729  -13.729   -2.405  -13.729    0.000


MODEL RESULTS

                                                    Two-Tailed
                    Estimate       S.E.  Est./S.E.    P-Value

Latent Class 1

 Means
    Y1                 0.692      0.099      6.988      0.000
    Y2                 0.612      0.093      6.550      0.000
    Y3                 0.659      0.109      6.036      0.000
    Y4                 0.668      0.102      6.551      0.000
    Y5                -0.918      0.069    -13.345      0.000
    Y6                -0.846      0.070    -12.057      0.000
    Y7                -0.943      0.072    -13.088      0.000
    Y8                -0.881      0.078    -11.288      0.000

 Variances
    Y1                 0.712      0.026     27.829      0.000
    Y2                 0.675      0.024     28.222      0.000
    Y3                 0.718      0.025     28.712      0.000
    Y4                 0.663      0.022     30.003      0.000
    Y5                 0.633      0.025     25.347      0.000
    Y6                 0.584      0.022     26.596      0.000
    Y7                 0.594      0.021     28.092      0.000
    Y8                 0.606      0.024     25.299      0.000

Latent Class 2

 Means
    Y1                -1.037      0.074    -14.059      0.000
    Y2                -1.075      0.074    -14.500      0.000
    Y3                -1.065      0.083    -12.899      0.000
    Y4                -1.005      0.074    -13.642      0.000
    Y5                 0.759      0.094      8.080      0.000
    Y6                 0.779      0.092      8.444      0.000
    Y7                 0.732      0.096      7.593      0.000
    Y8                 0.610      0.116      5.246      0.000

 Variances
    Y1                 0.712      0.026     27.829      0.000
    Y2                 0.675      0.024     28.222      0.000
    Y3                 0.718      0.025     28.712      0.000
    Y4                 0.663      0.022     30.003      0.000
    Y5                 0.633      0.025     25.347      0.000
    Y6                 0.584      0.022     26.596      0.000
    Y7                 0.594      0.021     28.092      0.000
    Y8                 0.606      0.024     25.299      0.000

Latent Class 3

 Means
    Y1                 2.407      0.168     14.302      0.000
    Y2                 2.309      0.145     15.933      0.000
    Y3                 2.427      0.146     16.572      0.000
    Y4                 2.489      0.161     15.498      0.000
    Y5                -0.487      0.099     -4.908      0.000
    Y6                -0.468      0.079     -5.906      0.000
    Y7                -0.495      0.086     -5.722      0.000
    Y8                -0.510      0.097     -5.273      0.000

 Variances
    Y1                 0.712      0.026     27.829      0.000
    Y2                 0.675      0.024     28.222      0.000
    Y3                 0.718      0.025     28.712      0.000
    Y4                 0.663      0.022     30.003      0.000
    Y5                 0.633      0.025     25.347      0.000
    Y6                 0.584      0.022     26.596      0.000
    Y7                 0.594      0.021     28.092      0.000
    Y8                 0.606      0.024     25.299      0.000

Latent Class 4

 Means
    Y1                 1.868      0.105     17.756      0.000
    Y2                 1.921      0.116     16.618      0.000
    Y3                 1.949      0.100     19.436      0.000
    Y4                 1.870      0.104     17.960      0.000
    Y5                -1.354      0.088    -15.422      0.000
    Y6                -1.380      0.094    -14.653      0.000
    Y7                -1.415      0.081    -17.490      0.000
    Y8                -1.431      0.082    -17.497      0.000

 Variances
    Y1                 0.712      0.026     27.829      0.000
    Y2                 0.675      0.024     28.222      0.000
    Y3                 0.718      0.025     28.712      0.000
    Y4                 0.663      0.022     30.003      0.000
    Y5                 0.633      0.025     25.347      0.000
    Y6                 0.584      0.022     26.596      0.000
    Y7                 0.594      0.021     28.092      0.000
    Y8                 0.606      0.024     25.299      0.000

Latent Class 5

 Means
    Y1                -0.973      0.050    -19.599      0.000
    Y2                -0.987      0.047    -21.183      0.000
    Y3                -0.974      0.051    -19.202      0.000
    Y4                -0.971      0.048    -20.032      0.000
    Y5                 2.007      0.082     24.517      0.000
    Y6                 1.980      0.078     25.291      0.000
    Y7                 1.985      0.079     24.983      0.000
    Y8                 1.981      0.072     27.695      0.000

 Variances
    Y1                 0.712      0.026     27.829      0.000
    Y2                 0.675      0.024     28.222      0.000
    Y3                 0.718      0.025     28.712      0.000
    Y4                 0.663      0.022     30.003      0.000
    Y5                 0.633      0.025     25.347      0.000
    Y6                 0.584      0.022     26.596      0.000
    Y7                 0.594      0.021     28.092      0.000
    Y8                 0.606      0.024     25.299      0.000

Latent Class 6

 Means
    Y1                 3.531      0.135     26.192      0.000
    Y2                 3.449      0.148     23.272      0.000
    Y3                 3.484      0.145     23.971      0.000
    Y4                 3.514      0.131     26.825      0.000
    Y5                -1.269      0.122    -10.387      0.000
    Y6                -1.122      0.124     -9.034      0.000
    Y7                -1.037      0.138     -7.497      0.000
    Y8                -1.320      0.117    -11.254      0.000

 Variances
    Y1                 0.712      0.026     27.829      0.000
    Y2                 0.675      0.024     28.222      0.000
    Y3                 0.718      0.025     28.712      0.000
    Y4                 0.663      0.022     30.003      0.000
    Y5                 0.633      0.025     25.347      0.000
    Y6                 0.584      0.022     26.596      0.000
    Y7                 0.594      0.021     28.092      0.000
    Y8                 0.606      0.024     25.299      0.000

Latent Class 7

 Means
    Y1                -1.025      0.069    -14.784      0.000
    Y2                -0.985      0.069    -14.338      0.000
    Y3                -0.959      0.072    -13.363      0.000
    Y4                -1.054      0.069    -15.279      0.000
    Y5                 3.387      0.089     37.980      0.000
    Y6                 3.400      0.090     37.921      0.000
    Y7                 3.483      0.088     39.456      0.000
    Y8                 3.390      0.093     36.604      0.000

 Variances
    Y1                 0.712      0.026     27.829      0.000
    Y2                 0.675      0.024     28.222      0.000
    Y3                 0.718      0.025     28.712      0.000
    Y4                 0.663      0.022     30.003      0.000
    Y5                 0.633      0.025     25.347      0.000
    Y6                 0.584      0.022     26.596      0.000
    Y7                 0.594      0.021     28.092      0.000
    Y8                 0.606      0.024     25.299      0.000

Categorical Latent Variables

 Means
    C#1                0.224      0.159      1.414      0.157
    C#2                0.225      0.210      1.072      0.284
    C#3                0.218      0.195      1.119      0.263
    C#4                0.466      0.177      2.630      0.009
    C#5                0.901      0.121      7.452      0.000
    C#6               -0.266      0.255     -1.041      0.298


QUALITY OF NUMERICAL RESULTS

     Condition Number for the Information Matrix              0.741E-02
       (ratio of smallest to largest eigenvalue)


     Beginning Time:  16:14:30
        Ending Time:  16:14:33
       Elapsed Time:  00:00:03



MUTHEN & MUTHEN
3463 Stoner Ave.
Los Angeles, CA  90066

Tel: (310) 391-9971
Fax: (310) 391-8971
Web: www.StatModel.com
Support: Support@StatModel.com

Copyright (c) 1998-2019 Muthen & Muthen
