Mplus VERSION 8.4 (Linux)
MUTHEN & MUTHEN
03/15/2021   4:14 PM

INPUT INSTRUCTIONS

  DATA:       FILE = ex4.4.dat;
  VARIABLE:   NAMES = y1-y8;
  CLASSES =   c(8);
  ANALYSIS:   TYPE = MIXTURE;



*** WARNING in MODEL command
  All variables are uncorrelated with all other variables within class.
  Check that this is what is intended.
   1 WARNING(S) FOUND IN THE INPUT INSTRUCTIONS




SUMMARY OF ANALYSIS

Number of groups                                                 1
Number of observations                                        2000

Number of dependent variables                                    8
Number of independent variables                                  0
Number of continuous latent variables                            0
Number of categorical latent variables                           1

Observed dependent variables

  Continuous
   Y1          Y2          Y3          Y4          Y5          Y6
   Y7          Y8

Categorical latent variables
   C


Estimator                                                      MLR
Information matrix                                        OBSERVED
Optimization Specifications for the Quasi-Newton Algorithm for
Continuous Outcomes
  Maximum number of iterations                                 100
  Convergence criterion                                  0.100D-05
Optimization Specifications for the EM Algorithm
  Maximum number of iterations                                 500
  Convergence criteria
    Loglikelihood change                                 0.100D-06
    Relative loglikelihood change                        0.100D-06
    Derivative                                           0.100D-05
Optimization Specifications for the M step of the EM Algorithm for
Categorical Latent variables
  Number of M step iterations                                    1
  M step convergence criterion                           0.100D-05
  Basis for M step termination                           ITERATION
Optimization Specifications for the M step of the EM Algorithm for
Censored, Binary or Ordered Categorical (Ordinal), Unordered
Categorical (Nominal) and Count Outcomes
  Number of M step iterations                                    1
  M step convergence criterion                           0.100D-05
  Basis for M step termination                           ITERATION
  Maximum value for logit thresholds                            15
  Minimum value for logit thresholds                           -15
  Minimum expected cell size for chi-square              0.100D-01
Optimization algorithm                                         EMA
Random Starts Specifications
  Number of initial stage random starts                         20
  Number of final stage optimizations                            4
  Number of initial stage iterations                            10
  Initial stage convergence criterion                    0.100D+01
  Random starts scale                                    0.500D+01
  Random seed for generating random starts                       0

Input data file(s)
  ex4.4.dat
Input data format  FREE



UNIVARIATE SAMPLE STATISTICS


     UNIVARIATE HIGHER-ORDER MOMENT DESCRIPTIVE STATISTICS

         Variable/         Mean/     Skewness/   Minimum/ % with                Percentiles
        Sample Size      Variance    Kurtosis    Maximum  Min/Max      20%/60%    40%/80%    Median

     Y1                    0.504       0.273      -3.715    0.05%      -1.197     -0.354      0.313
            2000.000       3.347      -0.823       5.732    0.05%       0.987      2.314
     Y2                    0.478       0.282      -3.603    0.05%      -1.236     -0.340      0.229
            2000.000       3.259      -0.839       5.913    0.05%       0.932      2.281
     Y3                    0.515       0.230      -4.109    0.05%      -1.239     -0.302      0.341
            2000.000       3.368      -0.852       6.070    0.05%       1.048      2.356
     Y4                    0.512       0.278      -3.774    0.05%      -1.218     -0.362      0.260
            2000.000       3.326      -0.908       5.336    0.05%       1.013      2.305
     Y5                    0.459       0.284      -4.301    0.05%      -1.244     -0.394      0.199
            2000.000       3.309      -0.825       5.783    0.05%       0.962      2.257
     Y6                    0.476       0.289      -3.565    0.05%      -1.226     -0.346      0.253
            2000.000       3.194      -0.806       6.094    0.05%       0.918      2.213
     Y7                    0.464       0.317      -3.551    0.05%      -1.248     -0.386      0.214
            2000.000       3.298      -0.802       5.963    0.05%       0.922      2.242
     Y8                    0.418       0.296      -3.904    0.05%      -1.279     -0.397      0.145
            2000.000       3.306      -0.841       6.635    0.05%       0.876      2.189

RANDOM STARTS RESULTS RANKED FROM THE BEST TO THE WORST LOGLIKELIHOOD VALUES

Final stage loglikelihood values at local maxima, seeds, and initial stage start numbers:

          -22302.561  939021           8
          -22302.561  608496           4
          -22302.561  903420           5
          -22319.417  76974            16



THE BEST LOGLIKELIHOOD VALUE HAS BEEN REPLICATED.  RERUN WITH AT LEAST TWICE THE
RANDOM STARTS TO CHECK THAT THE BEST LOGLIKELIHOOD IS STILL OBTAINED AND REPLICATED.


THE MODEL ESTIMATION TERMINATED NORMALLY



MODEL FIT INFORMATION

Number of Free Parameters                       79

Loglikelihood

          H0 Value                      -22302.561
          H0 Scaling Correction Factor      1.3184
            for MLR

Information Criteria

          Akaike (AIC)                   44763.121
          Bayesian (BIC)                 45205.592
          Sample-Size Adjusted BIC       44954.605
            (n* = (n + 2) / 24)



FINAL CLASS COUNTS AND PROPORTIONS FOR THE LATENT CLASSES
BASED ON THE ESTIMATED MODEL

    Latent
   Classes

       1        227.13858          0.11357
       2        264.57895          0.13229
       3        321.24135          0.16062
       4        337.34616          0.16867
       5        231.67487          0.11584
       6        160.23527          0.08012
       7        249.98178          0.12499
       8        207.80304          0.10390


FINAL CLASS COUNTS AND PROPORTIONS FOR THE LATENT CLASSES
BASED ON ESTIMATED POSTERIOR PROBABILITIES

    Latent
   Classes

       1        227.13858          0.11357
       2        264.57895          0.13229
       3        321.24135          0.16062
       4        337.34616          0.16867
       5        231.67487          0.11584
       6        160.23527          0.08012
       7        249.98178          0.12499
       8        207.80304          0.10390


FINAL CLASS COUNTS AND PROPORTIONS FOR THE LATENT CLASSES
BASED ON THEIR MOST LIKELY LATENT CLASS MEMBERSHIP

Class Counts and Proportions

    Latent
   Classes

       1              226          0.11300
       2              269          0.13450
       3              327          0.16350
       4              342          0.17100
       5              222          0.11100
       6              154          0.07700
       7              249          0.12450
       8              211          0.10550


CLASSIFICATION QUALITY

     Entropy                         0.832


Classification Probabilities for the Most Likely Latent Class Membership (Column)
by Latent Class (Row)

           1        2        3        4        5        6        7        8

    1   0.891    0.014    0.059    0.000    0.037    0.000    0.000    0.000
    2   0.005    0.917    0.000    0.066    0.000    0.000    0.012    0.000
    3   0.043    0.000    0.841    0.000    0.087    0.000    0.000    0.030
    4   0.000    0.058    0.000    0.846    0.000    0.017    0.079    0.000
    5   0.038    0.000    0.153    0.000    0.772    0.000    0.000    0.038
    6   0.000    0.000    0.000    0.038    0.000    0.855    0.108    0.000
    7   0.000    0.015    0.000    0.132    0.000    0.045    0.808    0.000
    8   0.000    0.000    0.039    0.000    0.033    0.000    0.000    0.928


Logits for the Classification Probabilities for the Most Likely Latent Class Membership (Column)
by Latent Class (Row)

              1        2        3        4        5        6        7        8

    1     13.700    9.515   10.977    0.000   10.528    0.000    0.000    0.000
    2      8.442   13.729    0.000   11.102    1.572    0.000    9.364    0.000
    3      0.365  -10.295    3.347  -10.295    1.076  -10.295  -10.295    0.000
    4      0.000   10.962    0.000   13.649    0.000    9.732   11.280    0.000
    5      0.012   -7.659    1.405  -10.532    3.024  -10.532   -8.233    0.000
    6      0.000    0.000    0.000   10.536    0.000   13.658   11.587    0.000
    7      0.000    9.615    0.000   11.788    0.000   10.725   13.602    0.000
    8    -13.741  -13.741   -3.166  -13.741   -3.335  -13.741  -13.741    0.000


MODEL RESULTS

                                                    Two-Tailed
                    Estimate       S.E.  Est./S.E.    P-Value

Latent Class 1

 Means
    Y1                -1.029      0.106     -9.667      0.000
    Y2                -1.062      0.114     -9.333      0.000
    Y3                -1.056      0.122     -8.640      0.000
    Y4                -0.971      0.098     -9.920      0.000
    Y5                 0.671      0.123      5.445      0.000
    Y6                 0.679      0.124      5.464      0.000
    Y7                 0.641      0.123      5.221      0.000
    Y8                 0.499      0.134      3.723      0.000

 Variances
    Y1                 0.639      0.025     25.813      0.000
    Y2                 0.624      0.027     23.036      0.000
    Y3                 0.633      0.027     23.282      0.000
    Y4                 0.605      0.023     26.547      0.000
    Y5                 0.650      0.027     24.243      0.000
    Y6                 0.597      0.024     24.844      0.000
    Y7                 0.605      0.023     26.446      0.000
    Y8                 0.617      0.027     23.145      0.000

Latent Class 2

 Means
    Y1                 0.711      0.115      6.184      0.000
    Y2                 0.634      0.112      5.684      0.000
    Y3                 0.676      0.130      5.191      0.000
    Y4                 0.690      0.122      5.649      0.000
    Y5                -0.919      0.066    -13.845      0.000
    Y6                -0.852      0.068    -12.557      0.000
    Y7                -0.954      0.070    -13.698      0.000
    Y8                -0.893      0.079    -11.360      0.000

 Variances
    Y1                 0.639      0.025     25.813      0.000
    Y2                 0.624      0.027     23.036      0.000
    Y3                 0.633      0.027     23.282      0.000
    Y4                 0.605      0.023     26.547      0.000
    Y5                 0.650      0.027     24.243      0.000
    Y6                 0.597      0.024     24.844      0.000
    Y7                 0.605      0.023     26.446      0.000
    Y8                 0.617      0.027     23.145      0.000

Latent Class 3

 Means
    Y1                -1.383      0.069    -20.013      0.000
    Y2                -1.334      0.070    -19.001      0.000
    Y3                -1.413      0.072    -19.680      0.000
    Y4                -1.342      0.063    -21.303      0.000
    Y5                 1.938      0.111     17.426      0.000
    Y6                 1.917      0.111     17.328      0.000
    Y7                 1.914      0.105     18.251      0.000
    Y8                 1.922      0.110     17.415      0.000

 Variances
    Y1                 0.639      0.025     25.813      0.000
    Y2                 0.624      0.027     23.036      0.000
    Y3                 0.633      0.027     23.282      0.000
    Y4                 0.605      0.023     26.547      0.000
    Y5                 0.650      0.027     24.243      0.000
    Y6                 0.597      0.024     24.844      0.000
    Y7                 0.605      0.023     26.446      0.000
    Y8                 0.617      0.027     23.145      0.000

Latent Class 4

 Means
    Y1                 1.866      0.114     16.437      0.000
    Y2                 1.928      0.125     15.387      0.000
    Y3                 1.955      0.108     18.181      0.000
    Y4                 1.874      0.109     17.159      0.000
    Y5                -1.332      0.099    -13.385      0.000
    Y6                -1.353      0.104    -13.009      0.000
    Y7                -1.390      0.086    -16.213      0.000
    Y8                -1.406      0.090    -15.676      0.000

 Variances
    Y1                 0.639      0.025     25.813      0.000
    Y2                 0.624      0.027     23.036      0.000
    Y3                 0.633      0.027     23.282      0.000
    Y4                 0.605      0.023     26.547      0.000
    Y5                 0.650      0.027     24.243      0.000
    Y6                 0.597      0.024     24.844      0.000
    Y7                 0.605      0.023     26.446      0.000
    Y8                 0.617      0.027     23.145      0.000

Latent Class 5

 Means
    Y1                -0.417      0.086     -4.860      0.000
    Y2                -0.521      0.082     -6.392      0.000
    Y3                -0.369      0.090     -4.102      0.000
    Y4                -0.483      0.092     -5.222      0.000
    Y5                 1.978      0.245      8.064      0.000
    Y6                 1.963      0.211      9.295      0.000
    Y7                 1.963      0.208      9.445      0.000
    Y8                 1.951      0.209      9.338      0.000

 Variances
    Y1                 0.639      0.025     25.813      0.000
    Y2                 0.624      0.027     23.036      0.000
    Y3                 0.633      0.027     23.282      0.000
    Y4                 0.605      0.023     26.547      0.000
    Y5                 0.650      0.027     24.243      0.000
    Y6                 0.597      0.024     24.844      0.000
    Y7                 0.605      0.023     26.446      0.000
    Y8                 0.617      0.027     23.145      0.000

Latent Class 6

 Means
    Y1                 3.541      0.140     25.330      0.000
    Y2                 3.455      0.155     22.233      0.000
    Y3                 3.495      0.151     23.114      0.000
    Y4                 3.514      0.137     25.582      0.000
    Y5                -1.266      0.127     -9.939      0.000
    Y6                -1.127      0.131     -8.588      0.000
    Y7                -1.042      0.145     -7.163      0.000
    Y8                -1.325      0.123    -10.753      0.000

 Variances
    Y1                 0.639      0.025     25.813      0.000
    Y2                 0.624      0.027     23.036      0.000
    Y3                 0.633      0.027     23.282      0.000
    Y4                 0.605      0.023     26.547      0.000
    Y5                 0.650      0.027     24.243      0.000
    Y6                 0.597      0.024     24.844      0.000
    Y7                 0.605      0.023     26.446      0.000
    Y8                 0.617      0.027     23.145      0.000

Latent Class 7

 Means
    Y1                 2.444      0.190     12.861      0.000
    Y2                 2.332      0.163     14.329      0.000
    Y3                 2.455      0.163     15.060      0.000
    Y4                 2.527      0.182     13.903      0.000
    Y5                -0.493      0.102     -4.847      0.000
    Y6                -0.470      0.080     -5.869      0.000
    Y7                -0.492      0.089     -5.499      0.000
    Y8                -0.506      0.098     -5.146      0.000

 Variances
    Y1                 0.639      0.025     25.813      0.000
    Y2                 0.624      0.027     23.036      0.000
    Y3                 0.633      0.027     23.282      0.000
    Y4                 0.605      0.023     26.547      0.000
    Y5                 0.650      0.027     24.243      0.000
    Y6                 0.597      0.024     24.844      0.000
    Y7                 0.605      0.023     26.446      0.000
    Y8                 0.617      0.027     23.145      0.000

Latent Class 8

 Means
    Y1                -1.025      0.089    -11.461      0.000
    Y2                -0.996      0.080    -12.371      0.000
    Y3                -0.977      0.094    -10.338      0.000
    Y4                -1.065      0.095    -11.262      0.000
    Y5                 3.387      0.098     34.634      0.000
    Y6                 3.398      0.099     34.279      0.000
    Y7                 3.487      0.101     34.572      0.000
    Y8                 3.383      0.093     36.290      0.000

 Variances
    Y1                 0.639      0.025     25.813      0.000
    Y2                 0.624      0.027     23.036      0.000
    Y3                 0.633      0.027     23.282      0.000
    Y4                 0.605      0.023     26.547      0.000
    Y5                 0.650      0.027     24.243      0.000
    Y6                 0.597      0.024     24.844      0.000
    Y7                 0.605      0.023     26.446      0.000
    Y8                 0.617      0.027     23.145      0.000

Categorical Latent Variables

 Means
    C#1                0.089      0.241      0.369      0.712
    C#2                0.242      0.170      1.417      0.156
    C#3                0.436      0.164      2.661      0.008
    C#4                0.485      0.199      2.435      0.015
    C#5                0.109      0.203      0.537      0.592
    C#6               -0.260      0.278     -0.936      0.349
    C#7                0.185      0.202      0.914      0.361


QUALITY OF NUMERICAL RESULTS

     Condition Number for the Information Matrix              0.611E-02
       (ratio of smallest to largest eigenvalue)


     Beginning Time:  16:14:33
        Ending Time:  16:14:37
       Elapsed Time:  00:00:04



MUTHEN & MUTHEN
3463 Stoner Ave.
Los Angeles, CA  90066

Tel: (310) 391-9971
Fax: (310) 391-8971
Web: www.StatModel.com
Support: Support@StatModel.com

Copyright (c) 1998-2019 Muthen & Muthen
