Mplus VERSION 8.4 (Linux)
MUTHEN & MUTHEN
03/15/2021   4:14 PM

INPUT INSTRUCTIONS

  DATA:       FILE = ex4.4.dat;
  VARIABLE:   NAMES = y1-y8;
  CLASSES =   c(3);
  ANALYSIS:   TYPE = MIXTURE;



*** WARNING in MODEL command
  All variables are uncorrelated with all other variables within class.
  Check that this is what is intended.
   1 WARNING(S) FOUND IN THE INPUT INSTRUCTIONS




SUMMARY OF ANALYSIS

Number of groups                                                 1
Number of observations                                        2000

Number of dependent variables                                    8
Number of independent variables                                  0
Number of continuous latent variables                            0
Number of categorical latent variables                           1

Observed dependent variables

  Continuous
   Y1          Y2          Y3          Y4          Y5          Y6
   Y7          Y8

Categorical latent variables
   C


Estimator                                                      MLR
Information matrix                                        OBSERVED
Optimization Specifications for the Quasi-Newton Algorithm for
Continuous Outcomes
  Maximum number of iterations                                 100
  Convergence criterion                                  0.100D-05
Optimization Specifications for the EM Algorithm
  Maximum number of iterations                                 500
  Convergence criteria
    Loglikelihood change                                 0.100D-06
    Relative loglikelihood change                        0.100D-06
    Derivative                                           0.100D-05
Optimization Specifications for the M step of the EM Algorithm for
Categorical Latent variables
  Number of M step iterations                                    1
  M step convergence criterion                           0.100D-05
  Basis for M step termination                           ITERATION
Optimization Specifications for the M step of the EM Algorithm for
Censored, Binary or Ordered Categorical (Ordinal), Unordered
Categorical (Nominal) and Count Outcomes
  Number of M step iterations                                    1
  M step convergence criterion                           0.100D-05
  Basis for M step termination                           ITERATION
  Maximum value for logit thresholds                            15
  Minimum value for logit thresholds                           -15
  Minimum expected cell size for chi-square              0.100D-01
Optimization algorithm                                         EMA
Random Starts Specifications
  Number of initial stage random starts                         20
  Number of final stage optimizations                            4
  Number of initial stage iterations                            10
  Initial stage convergence criterion                    0.100D+01
  Random starts scale                                    0.500D+01
  Random seed for generating random starts                       0

Input data file(s)
  ex4.4.dat
Input data format  FREE



UNIVARIATE SAMPLE STATISTICS


     UNIVARIATE HIGHER-ORDER MOMENT DESCRIPTIVE STATISTICS

         Variable/         Mean/     Skewness/   Minimum/ % with                Percentiles
        Sample Size      Variance    Kurtosis    Maximum  Min/Max      20%/60%    40%/80%    Median

     Y1                    0.504       0.273      -3.715    0.05%      -1.197     -0.354      0.313
            2000.000       3.347      -0.823       5.732    0.05%       0.987      2.314
     Y2                    0.478       0.282      -3.603    0.05%      -1.236     -0.340      0.229
            2000.000       3.259      -0.839       5.913    0.05%       0.932      2.281
     Y3                    0.515       0.230      -4.109    0.05%      -1.239     -0.302      0.341
            2000.000       3.368      -0.852       6.070    0.05%       1.048      2.356
     Y4                    0.512       0.278      -3.774    0.05%      -1.218     -0.362      0.260
            2000.000       3.326      -0.908       5.336    0.05%       1.013      2.305
     Y5                    0.459       0.284      -4.301    0.05%      -1.244     -0.394      0.199
            2000.000       3.309      -0.825       5.783    0.05%       0.962      2.257
     Y6                    0.476       0.289      -3.565    0.05%      -1.226     -0.346      0.253
            2000.000       3.194      -0.806       6.094    0.05%       0.918      2.213
     Y7                    0.464       0.317      -3.551    0.05%      -1.248     -0.386      0.214
            2000.000       3.298      -0.802       5.963    0.05%       0.922      2.242
     Y8                    0.418       0.296      -3.904    0.05%      -1.279     -0.397      0.145
            2000.000       3.306      -0.841       6.635    0.05%       0.876      2.189

RANDOM STARTS RESULTS RANKED FROM THE BEST TO THE WORST LOGLIKELIHOOD VALUES

Final stage loglikelihood values at local maxima, seeds, and initial stage start numbers:

          -23953.596  637345           19
          -23953.596  851945           18
          -23953.596  399671           13
          -23953.596  533738           11



THE BEST LOGLIKELIHOOD VALUE HAS BEEN REPLICATED.  RERUN WITH AT LEAST TWICE THE
RANDOM STARTS TO CHECK THAT THE BEST LOGLIKELIHOOD IS STILL OBTAINED AND REPLICATED.


THE MODEL ESTIMATION TERMINATED NORMALLY



MODEL FIT INFORMATION

Number of Free Parameters                       34

Loglikelihood

          H0 Value                      -23953.596
          H0 Scaling Correction Factor      1.1705
            for MLR

Information Criteria

          Akaike (AIC)                   47975.193
          Bayesian (BIC)                 48165.623
          Sample-Size Adjusted BIC       48057.603
            (n* = (n + 2) / 24)



FINAL CLASS COUNTS AND PROPORTIONS FOR THE LATENT CLASSES
BASED ON THE ESTIMATED MODEL

    Latent
   Classes

       1        485.57003          0.24279
       2        973.37494          0.48669
       3        541.05502          0.27053


FINAL CLASS COUNTS AND PROPORTIONS FOR THE LATENT CLASSES
BASED ON ESTIMATED POSTERIOR PROBABILITIES

    Latent
   Classes

       1        485.57003          0.24279
       2        973.37494          0.48669
       3        541.05502          0.27053


FINAL CLASS COUNTS AND PROPORTIONS FOR THE LATENT CLASSES
BASED ON THEIR MOST LIKELY LATENT CLASS MEMBERSHIP

Class Counts and Proportions

    Latent
   Classes

       1              486          0.24300
       2              972          0.48600
       3              542          0.27100


CLASSIFICATION QUALITY

     Entropy                         0.932


Classification Probabilities for the Most Likely Latent Class Membership (Column)
by Latent Class (Row)

           1        2        3

    1   0.934    0.005    0.061
    2   0.004    0.996    0.000
    3   0.053    0.000    0.947


Logits for the Classification Probabilities for the Most Likely Latent Class Membership (Column)
by Latent Class (Row)

              1        2        3

    1      2.721   -2.597    0.000
    2      8.215   13.812    0.000
    3     -2.874  -13.761    0.000


MODEL RESULTS

                                                    Two-Tailed
                    Estimate       S.E.  Est./S.E.    P-Value

Latent Class 1

 Means
    Y1                 1.045      0.102     10.235      0.000
    Y2                 0.996      0.114      8.753      0.000
    Y3                 1.053      0.115      9.140      0.000
    Y4                 1.030      0.105      9.786      0.000
    Y5                -0.948      0.043    -21.938      0.000
    Y6                -0.971      0.043    -22.396      0.000
    Y7                -1.019      0.043    -23.773      0.000
    Y8                -0.998      0.045    -22.048      0.000

 Variances
    Y1                 0.806      0.030     26.927      0.000
    Y2                 0.763      0.026     29.024      0.000
    Y3                 0.811      0.030     27.449      0.000
    Y4                 0.757      0.029     26.337      0.000
    Y5                 1.079      0.039     28.012      0.000
    Y6                 1.021      0.036     28.744      0.000
    Y7                 1.083      0.037     29.132      0.000
    Y8                 1.107      0.039     28.588      0.000

Latent Class 2

 Means
    Y1                -1.010      0.028    -36.305      0.000
    Y2                -1.017      0.027    -37.468      0.000
    Y3                -1.002      0.029    -35.059      0.000
    Y4                -1.004      0.027    -37.145      0.000
    Y5                 1.993      0.042     47.994      0.000
    Y6                 1.989      0.041     49.046      0.000
    Y7                 1.993      0.042     47.749      0.000
    Y8                 1.941      0.042     45.846      0.000

 Variances
    Y1                 0.806      0.030     26.927      0.000
    Y2                 0.763      0.026     29.024      0.000
    Y3                 0.811      0.030     27.449      0.000
    Y4                 0.757      0.029     26.337      0.000
    Y5                 1.079      0.039     28.012      0.000
    Y6                 1.021      0.036     28.744      0.000
    Y7                 1.083      0.037     29.132      0.000
    Y8                 1.107      0.039     28.588      0.000

Latent Class 3

 Means
    Y1                 2.742      0.090     30.388      0.000
    Y2                 2.705      0.080     33.924      0.000
    Y3                 2.762      0.080     34.372      0.000
    Y4                 2.775      0.091     30.374      0.000
    Y5                -1.036      0.039    -26.451      0.000
    Y6                -0.950      0.039    -24.277      0.000
    Y7                -0.953      0.040    -23.786      0.000
    Y8                -1.051      0.040    -26.598      0.000

 Variances
    Y1                 0.806      0.030     26.927      0.000
    Y2                 0.763      0.026     29.024      0.000
    Y3                 0.811      0.030     27.449      0.000
    Y4                 0.757      0.029     26.337      0.000
    Y5                 1.079      0.039     28.012      0.000
    Y6                 1.021      0.036     28.744      0.000
    Y7                 1.083      0.037     29.132      0.000
    Y8                 1.107      0.039     28.588      0.000

Categorical Latent Variables

 Means
    C#1               -0.108      0.163     -0.665      0.506
    C#2                0.587      0.096      6.094      0.000


QUALITY OF NUMERICAL RESULTS

     Condition Number for the Information Matrix              0.400E-01
       (ratio of smallest to largest eigenvalue)


     Beginning Time:  16:14:22
        Ending Time:  16:14:23
       Elapsed Time:  00:00:01



MUTHEN & MUTHEN
3463 Stoner Ave.
Los Angeles, CA  90066

Tel: (310) 391-9971
Fax: (310) 391-8971
Web: www.StatModel.com
Support: Support@StatModel.com

Copyright (c) 1998-2019 Muthen & Muthen
