Mplus VERSION 8.4 (Linux)
MUTHEN & MUTHEN
03/15/2021   4:14 PM

INPUT INSTRUCTIONS

  DATA:       FILE = ex4.4.dat;
  VARIABLE:   NAMES = y1-y8;
  CLASSES =   c(4);
  ANALYSIS:   TYPE = MIXTURE;



*** WARNING in MODEL command
  All variables are uncorrelated with all other variables within class.
  Check that this is what is intended.
   1 WARNING(S) FOUND IN THE INPUT INSTRUCTIONS




SUMMARY OF ANALYSIS

Number of groups                                                 1
Number of observations                                        2000

Number of dependent variables                                    8
Number of independent variables                                  0
Number of continuous latent variables                            0
Number of categorical latent variables                           1

Observed dependent variables

  Continuous
   Y1          Y2          Y3          Y4          Y5          Y6
   Y7          Y8

Categorical latent variables
   C


Estimator                                                      MLR
Information matrix                                        OBSERVED
Optimization Specifications for the Quasi-Newton Algorithm for
Continuous Outcomes
  Maximum number of iterations                                 100
  Convergence criterion                                  0.100D-05
Optimization Specifications for the EM Algorithm
  Maximum number of iterations                                 500
  Convergence criteria
    Loglikelihood change                                 0.100D-06
    Relative loglikelihood change                        0.100D-06
    Derivative                                           0.100D-05
Optimization Specifications for the M step of the EM Algorithm for
Categorical Latent variables
  Number of M step iterations                                    1
  M step convergence criterion                           0.100D-05
  Basis for M step termination                           ITERATION
Optimization Specifications for the M step of the EM Algorithm for
Censored, Binary or Ordered Categorical (Ordinal), Unordered
Categorical (Nominal) and Count Outcomes
  Number of M step iterations                                    1
  M step convergence criterion                           0.100D-05
  Basis for M step termination                           ITERATION
  Maximum value for logit thresholds                            15
  Minimum value for logit thresholds                           -15
  Minimum expected cell size for chi-square              0.100D-01
Optimization algorithm                                         EMA
Random Starts Specifications
  Number of initial stage random starts                         20
  Number of final stage optimizations                            4
  Number of initial stage iterations                            10
  Initial stage convergence criterion                    0.100D+01
  Random starts scale                                    0.500D+01
  Random seed for generating random starts                       0

Input data file(s)
  ex4.4.dat
Input data format  FREE



UNIVARIATE SAMPLE STATISTICS


     UNIVARIATE HIGHER-ORDER MOMENT DESCRIPTIVE STATISTICS

         Variable/         Mean/     Skewness/   Minimum/ % with                Percentiles
        Sample Size      Variance    Kurtosis    Maximum  Min/Max      20%/60%    40%/80%    Median

     Y1                    0.504       0.273      -3.715    0.05%      -1.197     -0.354      0.313
            2000.000       3.347      -0.823       5.732    0.05%       0.987      2.314
     Y2                    0.478       0.282      -3.603    0.05%      -1.236     -0.340      0.229
            2000.000       3.259      -0.839       5.913    0.05%       0.932      2.281
     Y3                    0.515       0.230      -4.109    0.05%      -1.239     -0.302      0.341
            2000.000       3.368      -0.852       6.070    0.05%       1.048      2.356
     Y4                    0.512       0.278      -3.774    0.05%      -1.218     -0.362      0.260
            2000.000       3.326      -0.908       5.336    0.05%       1.013      2.305
     Y5                    0.459       0.284      -4.301    0.05%      -1.244     -0.394      0.199
            2000.000       3.309      -0.825       5.783    0.05%       0.962      2.257
     Y6                    0.476       0.289      -3.565    0.05%      -1.226     -0.346      0.253
            2000.000       3.194      -0.806       6.094    0.05%       0.918      2.213
     Y7                    0.464       0.317      -3.551    0.05%      -1.248     -0.386      0.214
            2000.000       3.298      -0.802       5.963    0.05%       0.922      2.242
     Y8                    0.418       0.296      -3.904    0.05%      -1.279     -0.397      0.145
            2000.000       3.306      -0.841       6.635    0.05%       0.876      2.189

RANDOM STARTS RESULTS RANKED FROM THE BEST TO THE WORST LOGLIKELIHOOD VALUES

Final stage loglikelihood values at local maxima, seeds, and initial stage start numbers:

          -23068.202  533738           11
          -23068.202  285380           1
          -23068.202  462953           7
          -23068.202  107446           12



THE BEST LOGLIKELIHOOD VALUE HAS BEEN REPLICATED.  RERUN WITH AT LEAST TWICE THE
RANDOM STARTS TO CHECK THAT THE BEST LOGLIKELIHOOD IS STILL OBTAINED AND REPLICATED.


THE MODEL ESTIMATION TERMINATED NORMALLY



MODEL FIT INFORMATION

Number of Free Parameters                       43

Loglikelihood

          H0 Value                      -23068.202
          H0 Scaling Correction Factor      1.2189
            for MLR

Information Criteria

          Akaike (AIC)                   46222.404
          Bayesian (BIC)                 46463.243
          Sample-Size Adjusted BIC       46326.629
            (n* = (n + 2) / 24)



FINAL CLASS COUNTS AND PROPORTIONS FOR THE LATENT CLASSES
BASED ON THE ESTIMATED MODEL

    Latent
   Classes

       1        571.14461          0.28557
       2        513.60943          0.25680
       3        500.27132          0.25014
       4        414.97464          0.20749


FINAL CLASS COUNTS AND PROPORTIONS FOR THE LATENT CLASSES
BASED ON ESTIMATED POSTERIOR PROBABILITIES

    Latent
   Classes

       1        571.14461          0.28557
       2        513.60943          0.25680
       3        500.27132          0.25014
       4        414.97464          0.20749


FINAL CLASS COUNTS AND PROPORTIONS FOR THE LATENT CLASSES
BASED ON THEIR MOST LIKELY LATENT CLASS MEMBERSHIP

Class Counts and Proportions

    Latent
   Classes

       1              574          0.28700
       2              514          0.25700
       3              501          0.25050
       4              411          0.20550


CLASSIFICATION QUALITY

     Entropy                         0.897


Classification Probabilities for the Most Likely Latent Class Membership (Column)
by Latent Class (Row)

           1        2        3        4

    1   0.948    0.000    0.004    0.049
    2   0.000    0.945    0.055    0.000
    3   0.002    0.058    0.940    0.000
    4   0.077    0.000    0.000    0.923


Logits for the Classification Probabilities for the Most Likely Latent Class Membership (Column)
by Latent Class (Row)

              1        2        3        4

    1      2.969  -10.792   -2.566    0.000
    2      0.000   13.758   10.923    0.000
    3      7.616   10.963   13.754    0.000
    4     -2.490  -13.736  -13.736    0.000


MODEL RESULTS

                                                    Two-Tailed
                    Estimate       S.E.  Est./S.E.    P-Value

Latent Class 1

 Means
    Y1                -1.010      0.041    -24.939      0.000
    Y2                -1.025      0.039    -26.437      0.000
    Y3                -1.047      0.042    -24.969      0.000
    Y4                -0.989      0.039    -25.483      0.000
    Y5                 1.267      0.087     14.556      0.000
    Y6                 1.279      0.084     15.223      0.000
    Y7                 1.266      0.075     16.817      0.000
    Y8                 1.214      0.090     13.555      0.000

 Variances
    Y1                 0.794      0.027     29.127      0.000
    Y2                 0.756      0.026     29.171      0.000
    Y3                 0.800      0.028     28.291      0.000
    Y4                 0.739      0.025     29.249      0.000
    Y5                 0.766      0.027     28.396      0.000
    Y6                 0.735      0.024     30.223      0.000
    Y7                 0.761      0.027     28.687      0.000
    Y8                 0.798      0.027     29.351      0.000

Latent Class 2

 Means
    Y1                 2.790      0.079     35.302      0.000
    Y2                 2.745      0.069     39.798      0.000
    Y3                 2.803      0.070     40.157      0.000
    Y4                 2.825      0.079     35.769      0.000
    Y5                -1.035      0.042    -24.541      0.000
    Y6                -0.943      0.041    -22.743      0.000
    Y7                -0.944      0.042    -22.277      0.000
    Y8                -1.047      0.042    -24.701      0.000

 Variances
    Y1                 0.794      0.027     29.127      0.000
    Y2                 0.756      0.026     29.171      0.000
    Y3                 0.800      0.028     28.291      0.000
    Y4                 0.739      0.025     29.249      0.000
    Y5                 0.766      0.027     28.396      0.000
    Y6                 0.735      0.024     30.223      0.000
    Y7                 0.761      0.027     28.687      0.000
    Y8                 0.798      0.027     29.351      0.000

Latent Class 3

 Means
    Y1                 1.123      0.075     14.930      0.000
    Y2                 1.085      0.085     12.812      0.000
    Y3                 1.141      0.085     13.390      0.000
    Y4                 1.113      0.077     14.481      0.000
    Y5                -0.977      0.042    -23.204      0.000
    Y6                -0.995      0.041    -24.079      0.000
    Y7                -1.055      0.040    -26.178      0.000
    Y8                -1.026      0.043    -24.080      0.000

 Variances
    Y1                 0.794      0.027     29.127      0.000
    Y2                 0.756      0.026     29.171      0.000
    Y3                 0.800      0.028     28.291      0.000
    Y4                 0.739      0.025     29.249      0.000
    Y5                 0.766      0.027     28.396      0.000
    Y6                 0.735      0.024     30.223      0.000
    Y7                 0.761      0.027     28.687      0.000
    Y8                 0.798      0.027     29.351      0.000

Latent Class 4

 Means
    Y1                -0.986      0.048    -20.544      0.000
    Y2                -0.988      0.045    -21.813      0.000
    Y3                -0.922      0.047    -19.758      0.000
    Y4                -1.008      0.045    -22.533      0.000
    Y5                 2.930      0.098     29.786      0.000
    Y6                 2.897      0.099     29.345      0.000
    Y7                 2.935      0.117     25.177      0.000
    Y8                 2.876      0.097     29.554      0.000

 Variances
    Y1                 0.794      0.027     29.127      0.000
    Y2                 0.756      0.026     29.171      0.000
    Y3                 0.800      0.028     28.291      0.000
    Y4                 0.739      0.025     29.249      0.000
    Y5                 0.766      0.027     28.396      0.000
    Y6                 0.735      0.024     30.223      0.000
    Y7                 0.761      0.027     28.687      0.000
    Y8                 0.798      0.027     29.351      0.000

Categorical Latent Variables

 Means
    C#1                0.319      0.176      1.811      0.070
    C#2                0.213      0.139      1.537      0.124
    C#3                0.187      0.126      1.482      0.138


QUALITY OF NUMERICAL RESULTS

     Condition Number for the Information Matrix              0.257E-01
       (ratio of smallest to largest eigenvalue)


     Beginning Time:  16:14:23
        Ending Time:  16:14:25
       Elapsed Time:  00:00:02



MUTHEN & MUTHEN
3463 Stoner Ave.
Los Angeles, CA  90066

Tel: (310) 391-9971
Fax: (310) 391-8971
Web: www.StatModel.com
Support: Support@StatModel.com

Copyright (c) 1998-2019 Muthen & Muthen
