Mplus VERSION 8.4 (Linux)
MUTHEN & MUTHEN
03/16/2021  11:12 AM

INPUT INSTRUCTIONS

  DATA:      FILE = ../../data/ex7.3.dat;
  VARIABLE:  NAMES ARE u1-u4 x1-x10;
             USEVARIABLES = u1-u4;
             CATEGORICAL = u1-u4;
             CLASSES = c (3);
   ANALYSIS: TYPE = MIXTURE;



INPUT READING TERMINATED NORMALLY




SUMMARY OF ANALYSIS

Number of groups                                                 1
Number of observations                                         500

Number of dependent variables                                    4
Number of independent variables                                  0
Number of continuous latent variables                            0
Number of categorical latent variables                           1

Observed dependent variables

  Binary and ordered categorical (ordinal)
   U1          U2          U3          U4

Categorical latent variables
   C


Estimator                                                      MLR
Information matrix                                        OBSERVED
Optimization Specifications for the Quasi-Newton Algorithm for
Continuous Outcomes
  Maximum number of iterations                                 100
  Convergence criterion                                  0.100D-05
Optimization Specifications for the EM Algorithm
  Maximum number of iterations                                 500
  Convergence criteria
    Loglikelihood change                                 0.100D-06
    Relative loglikelihood change                        0.100D-06
    Derivative                                           0.100D-05
Optimization Specifications for the M step of the EM Algorithm for
Categorical Latent variables
  Number of M step iterations                                    1
  M step convergence criterion                           0.100D-05
  Basis for M step termination                           ITERATION
Optimization Specifications for the M step of the EM Algorithm for
Censored, Binary or Ordered Categorical (Ordinal), Unordered
Categorical (Nominal) and Count Outcomes
  Number of M step iterations                                    1
  M step convergence criterion                           0.100D-05
  Basis for M step termination                           ITERATION
  Maximum value for logit thresholds                            15
  Minimum value for logit thresholds                           -15
  Minimum expected cell size for chi-square              0.100D-01
Optimization algorithm                                         EMA
Random Starts Specifications
  Number of initial stage random starts                         20
  Number of final stage optimizations                            4
  Number of initial stage iterations                            10
  Initial stage convergence criterion                    0.100D+01
  Random starts scale                                    0.500D+01
  Random seed for generating random starts                       0
Link                                                         LOGIT

Input data file(s)
  ../../data/ex7.3.dat
Input data format  FREE


UNIVARIATE PROPORTIONS AND COUNTS FOR CATEGORICAL VARIABLES

    U1
      Category 1    0.678          339.000
      Category 2    0.322          161.000
    U2
      Category 1    0.686          343.000
      Category 2    0.314          157.000
    U3
      Category 1    0.322          161.000
      Category 2    0.678          339.000
    U4
      Category 1    0.334          167.000
      Category 2    0.666          333.000


RANDOM STARTS RESULTS RANKED FROM THE BEST TO THE WORST LOGLIKELIHOOD VALUES

Final stage loglikelihood values at local maxima, seeds, and initial stage start numbers:

            -962.557  68985            17
            -962.641  285380           1
            -962.641  127215           9
            -962.641  851945           18


     IN THE OPTIMIZATION, ONE OR MORE LOGIT THRESHOLDS APPROACHED EXTREME VALUES
     OF -15.000 AND 15.000 AND WERE FIXED TO STABILIZE MODEL ESTIMATION.  THESE
     VALUES IMPLY PROBABILITIES OF 0 AND 1.  IN THE MODEL RESULTS SECTION, THESE
     PARAMETERS HAVE 0 STANDARD ERRORS AND 999 IN THE Z-SCORE AND P-VALUE COLUMNS.

THE BEST LOGLIKELIHOOD VALUE HAS BEEN REPLICATED.  RERUN WITH AT LEAST TWICE THE
RANDOM STARTS TO CHECK THAT THE BEST LOGLIKELIHOOD IS STILL OBTAINED AND REPLICATED.




THE MODEL ESTIMATION TERMINATED NORMALLY



MODEL FIT INFORMATION

Number of Free Parameters                       14

Loglikelihood

          H0 Value                        -962.557
          H0 Scaling Correction Factor      1.0059
            for MLR

Information Criteria

          Akaike (AIC)                    1953.115
          Bayesian (BIC)                  2012.119
          Sample-Size Adjusted BIC        1967.682
            (n* = (n + 2) / 24)

Chi-Square Test of Model Fit for the Binary and Ordered Categorical
(Ordinal) Outcomes

          Pearson Chi-Square

          Value                              0.227
          Degrees of Freedom                     1
          P-Value                           0.6338

          Likelihood Ratio Chi-Square

          Value                              0.232
          Degrees of Freedom                     1
          P-Value                           0.6303



FINAL CLASS COUNTS AND PROPORTIONS FOR THE LATENT CLASSES
BASED ON THE ESTIMATED MODEL

    Latent
   Classes

       1        343.87512          0.68775
       2        105.34185          0.21068
       3         50.78303          0.10157


FINAL CLASS COUNTS AND PROPORTIONS FOR THE LATENT CLASSES
BASED ON ESTIMATED POSTERIOR PROBABILITIES

    Latent
   Classes

       1        343.87512          0.68775
       2        105.34185          0.21068
       3         50.78303          0.10157


FINAL CLASS COUNTS AND PROPORTIONS FOR THE LATENT CLASSES
BASED ON THEIR MOST LIKELY LATENT CLASS MEMBERSHIP

Class Counts and Proportions

    Latent
   Classes

       1              351          0.70200
       2              118          0.23600
       3               31          0.06200


CLASSIFICATION QUALITY

     Entropy                         0.810


Classification Probabilities for the Most Likely Latent Class Membership (Column)
by Latent Class (Row)

           1        2        3

    1   0.975    0.003    0.022
    2   0.021    0.979    0.000
    3   0.264    0.275    0.462


Logits for the Classification Probabilities for the Most Likely Latent Class Membership (Column)
by Latent Class (Row)

              1        2        3

    1      3.793   -2.127    0.000
    2      9.942   13.795    0.000
    3     -0.560   -0.519    0.000


MODEL RESULTS

                                                    Two-Tailed
                    Estimate       S.E.  Est./S.E.    P-Value

Latent Class 1

 Thresholds
    U1$1               2.123      0.211     10.056      0.000
    U2$1               2.167      0.238      9.106      0.000
    U3$1              -2.413      0.308     -7.833      0.000
    U4$1              -2.248      0.309     -7.268      0.000

Latent Class 2

 Thresholds
    U1$1             -15.000      0.000    999.000    999.000
    U2$1              -2.195      0.889     -2.469      0.014
    U3$1               2.730      0.999      2.734      0.006
    U4$1               2.167      0.417      5.202      0.000

Latent Class 3

 Thresholds
    U1$1               0.522      1.719      0.304      0.761
    U2$1              -0.119      0.585     -0.203      0.839
    U3$1               0.692      0.816      0.848      0.396
    U4$1               1.270      1.211      1.048      0.294

Categorical Latent Variables

 Means
    C#1                1.913      0.606      3.159      0.002
    C#2                0.730      0.798      0.915      0.360


RESULTS IN PROBABILITY SCALE

Latent Class 1

 U1
    Category 1         0.893      0.020     44.321      0.000
    Category 2         0.107      0.020      5.303      0.000
 U2
    Category 1         0.897      0.022     40.902      0.000
    Category 2         0.103      0.022      4.682      0.000
 U3
    Category 1         0.082      0.023      3.537      0.000
    Category 2         0.918      0.023     39.497      0.000
 U4
    Category 1         0.095      0.027      3.574      0.000
    Category 2         0.905      0.027     33.850      0.000

Latent Class 2

 U1
    Category 1         0.000      0.000      0.000      1.000
    Category 2         1.000      0.000      0.000      1.000
 U2
    Category 1         0.100      0.080      1.250      0.211
    Category 2         0.900      0.080     11.224      0.000
 U3
    Category 1         0.939      0.057     16.354      0.000
    Category 2         0.061      0.057      1.067      0.286
 U4
    Category 1         0.897      0.038     23.359      0.000
    Category 2         0.103      0.038      2.676      0.007

Latent Class 3

 U1
    Category 1         0.628      0.402      1.562      0.118
    Category 2         0.372      0.402      0.927      0.354
 U2
    Category 1         0.470      0.146      3.226      0.001
    Category 2         0.530      0.146      3.632      0.000
 U3
    Category 1         0.666      0.181      3.673      0.000
    Category 2         0.334      0.181      1.838      0.066
 U4
    Category 1         0.781      0.207      3.765      0.000
    Category 2         0.219      0.207      1.058      0.290


LATENT CLASS ODDS RATIO RESULTS

                                         (Est. - 1) Two-Tailed
                    Estimate       S.E.     / S.E.    P-Value

Latent Class 1 Compared to Latent Class 2

 U1
    Category > 1       0.000      0.000    999.000    999.000
 U2
    Category > 1       0.013      0.011    -88.029      0.000
 U3
    Category > 1     171.209    168.751      1.009      0.313
 U4
    Category > 1      82.685     43.317      1.886      0.059

Latent Class 1 Compared to Latent Class 3

 U1
    Category > 1       0.202      0.363     -2.201      0.028
 U2
    Category > 1       0.102      0.062    -14.450      0.000
 U3
    Category > 1      22.313     17.921      1.189      0.234
 U4
    Category > 1      33.718     40.573      0.806      0.420

Latent Class 2 Compared to Latent Class 3

 U1
    Category > 1   *********      0.000    999.000    999.000
 U2
    Category > 1       7.974      7.851      0.888      0.374
 U3
    Category > 1       0.130      0.175     -4.966      0.000
 U4
    Category > 1       0.408      0.563     -1.051      0.293


QUALITY OF NUMERICAL RESULTS

     Condition Number for the Information Matrix              0.137E-02
       (ratio of smallest to largest eigenvalue)


     Beginning Time:  11:12:44
        Ending Time:  11:12:44
       Elapsed Time:  00:00:00



MUTHEN & MUTHEN
3463 Stoner Ave.
Los Angeles, CA  90066

Tel: (310) 391-9971
Fax: (310) 391-8971
Web: www.StatModel.com
Support: Support@StatModel.com

Copyright (c) 1998-2019 Muthen & Muthen
