Mplus VERSION 8.4 (Linux)
MUTHEN & MUTHEN
03/16/2021  11:12 AM

INPUT INSTRUCTIONS

  DATA:      FILE = ../../data/ex7.3.dat;
  VARIABLE:  NAMES ARE u1-u4 x1-x10;
             USEVARIABLES = u1-u4;
             CATEGORICAL = u1-u4;
             CLASSES = c (4);
   ANALYSIS: TYPE = MIXTURE;



INPUT READING TERMINATED NORMALLY




SUMMARY OF ANALYSIS

Number of groups                                                 1
Number of observations                                         500

Number of dependent variables                                    4
Number of independent variables                                  0
Number of continuous latent variables                            0
Number of categorical latent variables                           1

Observed dependent variables

  Binary and ordered categorical (ordinal)
   U1          U2          U3          U4

Categorical latent variables
   C


Estimator                                                      MLR
Information matrix                                        OBSERVED
Optimization Specifications for the Quasi-Newton Algorithm for
Continuous Outcomes
  Maximum number of iterations                                 100
  Convergence criterion                                  0.100D-05
Optimization Specifications for the EM Algorithm
  Maximum number of iterations                                 500
  Convergence criteria
    Loglikelihood change                                 0.100D-06
    Relative loglikelihood change                        0.100D-06
    Derivative                                           0.100D-05
Optimization Specifications for the M step of the EM Algorithm for
Categorical Latent variables
  Number of M step iterations                                    1
  M step convergence criterion                           0.100D-05
  Basis for M step termination                           ITERATION
Optimization Specifications for the M step of the EM Algorithm for
Censored, Binary or Ordered Categorical (Ordinal), Unordered
Categorical (Nominal) and Count Outcomes
  Number of M step iterations                                    1
  M step convergence criterion                           0.100D-05
  Basis for M step termination                           ITERATION
  Maximum value for logit thresholds                            15
  Minimum value for logit thresholds                           -15
  Minimum expected cell size for chi-square              0.100D-01
Optimization algorithm                                         EMA
Random Starts Specifications
  Number of initial stage random starts                         20
  Number of final stage optimizations                            4
  Number of initial stage iterations                            10
  Initial stage convergence criterion                    0.100D+01
  Random starts scale                                    0.500D+01
  Random seed for generating random starts                       0
Link                                                         LOGIT

Input data file(s)
  ../../data/ex7.3.dat
Input data format  FREE


UNIVARIATE PROPORTIONS AND COUNTS FOR CATEGORICAL VARIABLES

    U1
      Category 1    0.678          339.000
      Category 2    0.322          161.000
    U2
      Category 1    0.686          343.000
      Category 2    0.314          157.000
    U3
      Category 1    0.322          161.000
      Category 2    0.678          339.000
    U4
      Category 1    0.334          167.000
      Category 2    0.666          333.000


RANDOM STARTS RESULTS RANKED FROM THE BEST TO THE WORST LOGLIKELIHOOD VALUES

Final stage loglikelihood values at local maxima, seeds, and initial stage start numbers:

            -962.441  285380           1
            -962.441  415931           10
            -962.441  608496           4
            -962.449  253358           2



THE BEST LOGLIKELIHOOD VALUE HAS BEEN REPLICATED.  RERUN WITH AT LEAST TWICE THE
RANDOM STARTS TO CHECK THAT THE BEST LOGLIKELIHOOD IS STILL OBTAINED AND REPLICATED.

     THE STANDARD ERRORS OF THE MODEL PARAMETER ESTIMATES MAY NOT BE
     TRUSTWORTHY FOR SOME PARAMETERS DUE TO A NON-POSITIVE DEFINITE
     FIRST-ORDER DERIVATIVE PRODUCT MATRIX.  THIS MAY BE DUE TO THE STARTING
     VALUES BUT MAY ALSO BE AN INDICATION OF MODEL NONIDENTIFICATION.  THE
     CONDITION NUMBER IS      -0.278D-15.  PROBLEM INVOLVING THE FOLLOWING PARAMETER:
     Parameter 16, %C#4%: [ U4$1 ]

     ONE OR MORE MULTINOMIAL LOGIT PARAMETERS WERE FIXED TO AVOID SINGULARITY
     OF THE INFORMATION MATRIX.  THE SINGULARITY IS MOST LIKELY BECAUSE THE
     MODEL IS NOT IDENTIFIED, OR BECAUSE OF EMPTY CELLS IN THE JOINT
     DISTRIBUTION OF THE CATEGORICAL LATENT VARIABLES AND ANY INDEPENDENT
     VARIABLES.  THE FOLLOWING PARAMETERS WERE FIXED:
     Parameter 18, [ C#2 ]




THE MODEL ESTIMATION TERMINATED NORMALLY

     THE DEGREES OF FREEDOM FOR THIS MODEL ARE NEGATIVE.  THE MODEL IS NOT
     IDENTIFIED OR TOO MANY CELLS WERE DELETED.  A CHI-SQUARE TEST IS NOT
     AVAILABLE.



MODEL FIT INFORMATION

Number of Free Parameters                       19

Loglikelihood

          H0 Value                        -962.441
          H0 Scaling Correction Factor      0.7895
            for MLR

Information Criteria

          Akaike (AIC)                    1962.883
          Bayesian (BIC)                  2042.961
          Sample-Size Adjusted BIC        1982.653
            (n* = (n + 2) / 24)



FINAL CLASS COUNTS AND PROPORTIONS FOR THE LATENT CLASSES
BASED ON THE ESTIMATED MODEL

    Latent
   Classes

       1         52.59059          0.10518
       2         17.26308          0.03453
       3        307.98334          0.61597
       4        122.16298          0.24433


FINAL CLASS COUNTS AND PROPORTIONS FOR THE LATENT CLASSES
BASED ON ESTIMATED POSTERIOR PROBABILITIES

    Latent
   Classes

       1         52.59059          0.10518
       2         17.26308          0.03453
       3        307.98334          0.61597
       4        122.16298          0.24433


FINAL CLASS COUNTS AND PROPORTIONS FOR THE LATENT CLASSES
BASED ON THEIR MOST LIKELY LATENT CLASS MEMBERSHIP

Class Counts and Proportions

    Latent
   Classes

       1               17          0.03400
       2               10          0.02000
       3              346          0.69200
       4              127          0.25400


CLASSIFICATION QUALITY

     Entropy                         0.745


Classification Probabilities for the Most Likely Latent Class Membership (Column)
by Latent Class (Row)

           1        2        3        4

    1   0.196    0.020    0.727    0.057
    2   0.009    0.365    0.267    0.359
    3   0.014    0.006    0.978    0.002
    4   0.019    0.006    0.016    0.959


Logits for the Classification Probabilities for the Most Likely Latent Class Membership (Column)
by Latent Class (Row)

              1        2        3        4

    1      1.234   -1.026    2.545    0.000
    2     -3.656    0.017   -0.296    0.000
    3      1.854    1.056    6.123    0.000
    4     -3.922   -5.086   -4.084    0.000


MODEL RESULTS

                                                    Two-Tailed
                    Estimate       S.E.  Est./S.E.    P-Value

Latent Class 1

 Thresholds
    U1$1               1.631      0.961      1.697      0.090
    U2$1               0.011      1.231      0.009      0.993
    U3$1              -1.535      0.984     -1.560      0.119
    U4$1              -0.972      1.005     -0.967      0.333

Latent Class 2

 Thresholds
    U1$1               0.171      6.641      0.026      0.980
    U2$1               2.745     31.521      0.087      0.931
    U3$1               1.000      6.624      0.151      0.880
    U4$1               3.872     16.044      0.241      0.809

Latent Class 3

 Thresholds
    U1$1               2.148      0.239      8.975      0.000
    U2$1               2.749      0.540      5.090      0.000
    U3$1              -2.386      0.278     -8.597      0.000
    U4$1              -2.352      0.589     -3.996      0.000

Latent Class 4

 Thresholds
    U1$1              -2.433      1.609     -1.512      0.130
    U2$1              -2.325      4.367     -0.533      0.594
    U3$1               2.526      0.593      4.259      0.000
    U4$1               2.104      0.356      5.910      0.000

Categorical Latent Variables

 Means
    C#1               -0.843      0.648     -1.301      0.193
    C#2               -1.957      0.000    999.000    999.000
    C#3                0.925      0.217      4.267      0.000


RESULTS IN PROBABILITY SCALE

Latent Class 1

 U1
    Category 1         0.836      0.132      6.358      0.000
    Category 2         0.164      0.132      1.244      0.213
 U2
    Category 1         0.503      0.308      1.633      0.102
    Category 2         0.497      0.308      1.615      0.106
 U3
    Category 1         0.177      0.143      1.235      0.217
    Category 2         0.823      0.143      5.735      0.000
 U4
    Category 1         0.274      0.200      1.371      0.170
    Category 2         0.726      0.200      3.625      0.000

Latent Class 2

 U1
    Category 1         0.543      1.648      0.329      0.742
    Category 2         0.457      1.648      0.278      0.781
 U2
    Category 1         0.940      1.788      0.526      0.599
    Category 2         0.060      1.788      0.034      0.973
 U3
    Category 1         0.731      1.302      0.561      0.575
    Category 2         0.269      1.302      0.207      0.836
 U4
    Category 1         0.980      0.321      3.056      0.002
    Category 2         0.020      0.321      0.064      0.949

Latent Class 3

 U1
    Category 1         0.895      0.022     39.980      0.000
    Category 2         0.105      0.022      4.666      0.000
 U2
    Category 1         0.940      0.031     30.790      0.000
    Category 2         0.060      0.031      1.970      0.049
 U3
    Category 1         0.084      0.021      3.934      0.000
    Category 2         0.916      0.021     42.771      0.000
 U4
    Category 1         0.087      0.047      1.861      0.063
    Category 2         0.913      0.047     19.550      0.000

Latent Class 4

 U1
    Category 1         0.081      0.119      0.676      0.499
    Category 2         0.919      0.119      7.704      0.000
 U2
    Category 1         0.089      0.354      0.251      0.802
    Category 2         0.911      0.354      2.572      0.010
 U3
    Category 1         0.926      0.041     22.768      0.000
    Category 2         0.074      0.041      1.821      0.069
 U4
    Category 1         0.891      0.034     25.843      0.000
    Category 2         0.109      0.034      3.150      0.002


LATENT CLASS ODDS RATIO RESULTS

                                         (Est. - 1) Two-Tailed
                    Estimate       S.E.     / S.E.    P-Value

Latent Class 1 Compared to Latent Class 2

 U1
    Category > 1       0.232      1.559     -0.493      0.622
 U2
    Category > 1      15.398    474.089      0.030      0.976
 U3
    Category > 1      12.620     88.096      0.132      0.895
 U4
    Category > 1     126.989   2150.896      0.059      0.953

Latent Class 1 Compared to Latent Class 3

 U1
    Category > 1       1.677      1.822      0.372      0.710
 U2
    Category > 1      15.459     26.101      0.554      0.580
 U3
    Category > 1       0.427      0.477     -1.202      0.229
 U4
    Category > 1       0.252      0.240     -3.121      0.002

Latent Class 1 Compared to Latent Class 4

 U1
    Category > 1       0.017      0.032    -30.613      0.000
 U2
    Category > 1       0.097      0.508     -1.778      0.075
 U3
    Category > 1      58.036     61.992      0.920      0.358
 U4
    Category > 1      21.688     23.232      0.891      0.373

Latent Class 2 Compared to Latent Class 3

 U1
    Category > 1       7.225     47.963      0.130      0.897
 U2
    Category > 1       1.004     31.781      0.000      1.000
 U3
    Category > 1       0.034      0.225     -4.288      0.000
 U4
    Category > 1       0.002      0.032    -30.784      0.000

Latent Class 2 Compared to Latent Class 4

 U1
    Category > 1       0.074      0.602     -1.539      0.124
 U2
    Category > 1       0.006      0.224     -4.429      0.000
 U3
    Category > 1       4.599     32.029      0.112      0.911
 U4
    Category > 1       0.171      2.743     -0.302      0.762

Latent Class 3 Compared to Latent Class 4

 U1
    Category > 1       0.010      0.017    -59.749      0.000
 U2
    Category > 1       0.006      0.027    -37.467      0.000
 U3
    Category > 1     135.916     83.111      1.623      0.105
 U4
    Category > 1      86.176     56.632      1.504      0.133


QUALITY OF NUMERICAL RESULTS

     Condition Number for the Information Matrix              0.839E-08
       (ratio of smallest to largest eigenvalue)


TECHNICAL 1 OUTPUT


     PARAMETER SPECIFICATION FOR LATENT CLASS 1


     PARAMETER SPECIFICATION FOR LATENT CLASS 2


     PARAMETER SPECIFICATION FOR LATENT CLASS 3


     PARAMETER SPECIFICATION FOR LATENT CLASS 4


     PARAMETER SPECIFICATION FOR LATENT CLASS INDICATOR MODEL PART


           LAMBDA(U)
              C#1           C#2           C#3           C#4
              ________      ________      ________      ________
 U1                 1             2             3             4
 U2                 5             6             7             8
 U3                 9            10            11            12
 U4                13            14            15            16


     PARAMETER SPECIFICATION FOR LATENT CLASS REGRESSION MODEL PART


           ALPHA(C)
              C#1           C#2           C#3           C#4
              ________      ________      ________      ________
                   17            18            19             0


     STARTING VALUES FOR LATENT CLASS 1


     STARTING VALUES FOR LATENT CLASS 2


     STARTING VALUES FOR LATENT CLASS 3


     STARTING VALUES FOR LATENT CLASS 4


     STARTING VALUES FOR LATENT CLASS INDICATOR MODEL PART


           LAMBDA(U)
              C#1           C#2           C#3           C#4
              ________      ________      ________      ________
 U1             0.255        -0.745        -0.745        -1.745
 U2             0.219        -0.781        -0.781        -1.781
 U3             1.745         0.745         0.745        -0.255
 U4             1.690         0.690         0.690        -0.310


     STARTING VALUES FOR LATENT CLASS REGRESSION MODEL PART


           ALPHA(C)
              C#1           C#2           C#3           C#4
              ________      ________      ________      ________
                0.000         0.000         0.000         0.000


     Beginning Time:  11:12:44
        Ending Time:  11:12:44
       Elapsed Time:  00:00:00



MUTHEN & MUTHEN
3463 Stoner Ave.
Los Angeles, CA  90066

Tel: (310) 391-9971
Fax: (310) 391-8971
Web: www.StatModel.com
Support: Support@StatModel.com

Copyright (c) 1998-2019 Muthen & Muthen
