Mplus VERSION 8.4 (Linux)
MUTHEN & MUTHEN
03/16/2021  11:38 AM

INPUT INSTRUCTIONS

  DATA:      FILE = ../../data/ex7.3.dat;
  VARIABLE:  NAMES ARE u1-u4 x1-x10;
             USEVARIABLES = u1-u4;
             CATEGORICAL = u1-u4;
             CLASSES = c (5);
   ANALYSIS: TYPE = MIXTURE;



INPUT READING TERMINATED NORMALLY




SUMMARY OF ANALYSIS

Number of groups                                                 1
Number of observations                                         500

Number of dependent variables                                    4
Number of independent variables                                  0
Number of continuous latent variables                            0
Number of categorical latent variables                           1

Observed dependent variables

  Binary and ordered categorical (ordinal)
   U1          U2          U3          U4

Categorical latent variables
   C


Estimator                                                      MLR
Information matrix                                        OBSERVED
Optimization Specifications for the Quasi-Newton Algorithm for
Continuous Outcomes
  Maximum number of iterations                                 100
  Convergence criterion                                  0.100D-05
Optimization Specifications for the EM Algorithm
  Maximum number of iterations                                 500
  Convergence criteria
    Loglikelihood change                                 0.100D-06
    Relative loglikelihood change                        0.100D-06
    Derivative                                           0.100D-05
Optimization Specifications for the M step of the EM Algorithm for
Categorical Latent variables
  Number of M step iterations                                    1
  M step convergence criterion                           0.100D-05
  Basis for M step termination                           ITERATION
Optimization Specifications for the M step of the EM Algorithm for
Censored, Binary or Ordered Categorical (Ordinal), Unordered
Categorical (Nominal) and Count Outcomes
  Number of M step iterations                                    1
  M step convergence criterion                           0.100D-05
  Basis for M step termination                           ITERATION
  Maximum value for logit thresholds                            15
  Minimum value for logit thresholds                           -15
  Minimum expected cell size for chi-square              0.100D-01
Optimization algorithm                                         EMA
Random Starts Specifications
  Number of initial stage random starts                         20
  Number of final stage optimizations                            4
  Number of initial stage iterations                            10
  Initial stage convergence criterion                    0.100D+01
  Random starts scale                                    0.500D+01
  Random seed for generating random starts                       0
Link                                                         LOGIT

Input data file(s)
  ../../data/ex7.3.dat
Input data format  FREE


UNIVARIATE PROPORTIONS AND COUNTS FOR CATEGORICAL VARIABLES

    U1
      Category 1    0.678          339.000
      Category 2    0.322          161.000
    U2
      Category 1    0.686          343.000
      Category 2    0.314          157.000
    U3
      Category 1    0.322          161.000
      Category 2    0.678          339.000
    U4
      Category 1    0.334          167.000
      Category 2    0.666          333.000


RANDOM STARTS RESULTS RANKED FROM THE BEST TO THE WORST LOGLIKELIHOOD VALUES

Final stage loglikelihood values at local maxima, seeds, and initial stage start numbers:

            -962.441  573096           20
            -962.441  399671           13
            -962.441  285380           1
            -962.441  107446           12



THE BEST LOGLIKELIHOOD VALUE HAS BEEN REPLICATED.  RERUN WITH AT LEAST TWICE THE
RANDOM STARTS TO CHECK THAT THE BEST LOGLIKELIHOOD IS STILL OBTAINED AND REPLICATED.

     THE STANDARD ERRORS OF THE MODEL PARAMETER ESTIMATES MAY NOT BE
     TRUSTWORTHY FOR SOME PARAMETERS DUE TO A NON-POSITIVE DEFINITE
     FIRST-ORDER DERIVATIVE PRODUCT MATRIX.  THIS MAY BE DUE TO THE STARTING
     VALUES BUT MAY ALSO BE AN INDICATION OF MODEL NONIDENTIFICATION.  THE
     CONDITION NUMBER IS       0.895D-16.  PROBLEM INVOLVING THE FOLLOWING PARAMETER:
     Parameter 17, %C#2%: [ U4$1 ]

     ONE OR MORE PARAMETERS WERE FIXED TO AVOID SINGULARITY OF THE
     INFORMATION MATRIX. THE SINGULARITY IS MOST LIKELY BECAUSE THE
     MODEL IS NOT IDENTIFIED, OR BECAUSE OF EMPTY CELLS IN THE JOINT
     DISTRIBUTION OF THE CATEGORICAL VARIABLES IN THE MODEL.
     THE FOLLOWING PARAMETERS WERE FIXED:
     Parameter 15, %C#5%: [ U3$1 ]
     Parameter 18, %C#3%: [ U4$1 ]
     Parameter 19, %C#4%: [ U4$1 ]
     Parameter 21, [ C#1 ]
     Parameter 22, [ C#2 ]
     Parameter 23, [ C#3 ]




THE MODEL ESTIMATION TERMINATED NORMALLY

     THE DEGREES OF FREEDOM FOR THIS MODEL ARE NEGATIVE.  THE MODEL IS NOT
     IDENTIFIED OR TOO MANY CELLS WERE DELETED.  A CHI-SQUARE TEST IS NOT
     AVAILABLE.



MODEL FIT INFORMATION

Number of Free Parameters                       24

Loglikelihood

          H0 Value                        -962.441
          H0 Scaling Correction Factor      0.6250
            for MLR

Information Criteria

          Akaike (AIC)                    1972.883
          Bayesian (BIC)                  2074.034
          Sample-Size Adjusted BIC        1997.856
            (n* = (n + 2) / 24)



FINAL CLASS COUNTS AND PROPORTIONS FOR THE LATENT CLASSES
BASED ON THE ESTIMATED MODEL

    Latent
   Classes

       1        108.61245          0.21722
       2         30.81108          0.06162
       3        107.65542          0.21531
       4         23.16542          0.04633
       5        229.75564          0.45951


FINAL CLASS COUNTS AND PROPORTIONS FOR THE LATENT CLASSES
BASED ON ESTIMATED POSTERIOR PROBABILITIES

    Latent
   Classes

       1        108.61245          0.21722
       2         30.81108          0.06162
       3        107.65542          0.21531
       4         23.16542          0.04633
       5        229.75564          0.45951


FINAL CLASS COUNTS AND PROPORTIONS FOR THE LATENT CLASSES
BASED ON THEIR MOST LIKELY LATENT CLASS MEMBERSHIP

Class Counts and Proportions

    Latent
   Classes

       1               35          0.07000
       2               30          0.06000
       3              113          0.22600
       4               10          0.02000
       5              312          0.62400


CLASSIFICATION QUALITY

     Entropy                         0.579


Classification Probabilities for the Most Likely Latent Class Membership (Column)
by Latent Class (Row)

           1        2        3        4        5

    1   0.181    0.027    0.005    0.016    0.772
    2   0.086    0.641    0.222    0.006    0.044
    3   0.003    0.036    0.944    0.012    0.005
    4   0.175    0.068    0.162    0.174    0.421
    5   0.036    0.008    0.001    0.012    0.943


Logits for the Classification Probabilities for the Most Likely Latent Class Membership (Column)
by Latent Class (Row)

              1        2        3        4        5

    1     -1.452   -3.362   -5.022   -3.879    0.000
    2      0.669    2.674    1.614   -1.930    0.000
    3     -0.305    2.034    5.294    0.929    0.000
    4     -0.880   -1.825   -0.958   -0.882    0.000
    5     -3.262   -4.753   -6.630   -4.370    0.000


MODEL RESULTS

                                                    Two-Tailed
                    Estimate       S.E.  Est./S.E.    P-Value

Latent Class 1

 Thresholds
    U1$1               2.744     12.832      0.214      0.831
    U2$1               1.792      2.710      0.661      0.508
    U3$1              -2.284      1.263     -1.808      0.071
    U4$1              -1.314      2.032     -0.647      0.518

Latent Class 2

 Thresholds
    U1$1              -0.408      3.815     -0.107      0.915
    U2$1               1.091      5.837      0.187      0.852
    U3$1               1.213      7.303      0.166      0.868
    U4$1               2.801      7.131      0.393      0.694

Latent Class 3

 Thresholds
    U1$1              -2.744      2.116     -1.297      0.195
    U2$1              -3.160     11.837     -0.267      0.790
    U3$1               2.670      1.585      1.685      0.092
    U4$1               2.126      0.000    999.000    999.000

Latent Class 4

 Thresholds
    U1$1               0.841      7.232      0.116      0.907
    U2$1              -0.592      2.413     -0.245      0.806
    U3$1              -0.774      4.378     -0.177      0.860
    U4$1              -0.551      0.000    999.000    999.000

Latent Class 5

 Thresholds
    U1$1               1.983      2.350      0.844      0.399
    U2$1               2.623      0.974      2.692      0.007
    U3$1              -2.394      0.000    999.000    999.000
    U4$1              -3.059      3.604     -0.849      0.396

Categorical Latent Variables

 Means
    C#1               -0.749      0.000    999.000    999.000
    C#2               -2.009      0.000    999.000    999.000
    C#3               -0.758      0.000    999.000    999.000
    C#4               -2.294      3.255     -0.705      0.481


RESULTS IN PROBABILITY SCALE

Latent Class 1

 U1
    Category 1         0.940      0.729      1.289      0.197
    Category 2         0.060      0.729      0.083      0.934
 U2
    Category 1         0.857      0.332      2.584      0.010
    Category 2         0.143      0.332      0.431      0.667
 U3
    Category 1         0.092      0.106      0.872      0.383
    Category 2         0.908      0.106      8.562      0.000
 U4
    Category 1         0.212      0.339      0.624      0.532
    Category 2         0.788      0.339      2.323      0.020

Latent Class 2

 U1
    Category 1         0.399      0.915      0.437      0.662
    Category 2         0.601      0.915      0.656      0.512
 U2
    Category 1         0.749      1.098      0.681      0.496
    Category 2         0.251      1.098      0.229      0.819
 U3
    Category 1         0.771      1.290      0.597      0.550
    Category 2         0.229      1.290      0.178      0.859
 U4
    Category 1         0.943      0.385      2.448      0.014
    Category 2         0.057      0.385      0.149      0.882

Latent Class 3

 U1
    Category 1         0.060      0.120      0.503      0.615
    Category 2         0.940      0.120      7.822      0.000
 U2
    Category 1         0.041      0.462      0.088      0.930
    Category 2         0.959      0.462      2.075      0.038
 U3
    Category 1         0.935      0.096      9.743      0.000
    Category 2         0.065      0.096      0.675      0.500
 U4
    Category 1         0.893      0.000      0.000      1.000
    Category 2         0.107      0.000      0.000      1.000

Latent Class 4

 U1
    Category 1         0.699      1.522      0.459      0.646
    Category 2         0.301      1.522      0.198      0.843
 U2
    Category 1         0.356      0.553      0.644      0.520
    Category 2         0.644      0.553      1.164      0.245
 U3
    Category 1         0.316      0.946      0.334      0.739
    Category 2         0.684      0.946      0.724      0.469
 U4
    Category 1         0.366      0.000      0.000      1.000
    Category 2         0.634      0.000      0.000      1.000

Latent Class 5

 U1
    Category 1         0.879      0.250      3.517      0.000
    Category 2         0.121      0.250      0.484      0.628
 U2
    Category 1         0.932      0.061     15.164      0.000
    Category 2         0.068      0.061      1.101      0.271
 U3
    Category 1         0.084      0.000      0.000      1.000
    Category 2         0.916      0.000      0.000      1.000
 U4
    Category 1         0.045      0.154      0.290      0.771
    Category 2         0.955      0.154      6.189      0.000


LATENT CLASS ODDS RATIO RESULTS

                                         (Est. - 1) Two-Tailed
                    Estimate       S.E.     / S.E.    P-Value

Latent Class 1 Compared to Latent Class 2

 U1
    Category > 1       0.043      0.429     -2.232      0.026
 U2
    Category > 1       0.496      2.750     -0.183      0.855
 U3
    Category > 1      33.002    271.789      0.118      0.906
 U4
    Category > 1      61.230    441.555      0.136      0.892

Latent Class 1 Compared to Latent Class 3

 U1
    Category > 1       0.004      0.060    -16.720      0.000
 U2
    Category > 1       0.007      0.095    -10.435      0.000
 U3
    Category > 1     141.756    168.026      0.838      0.402
 U4
    Category > 1      31.175     63.350      0.476      0.634

Latent Class 1 Compared to Latent Class 4

 U1
    Category > 1       0.149      2.940     -0.289      0.772
 U2
    Category > 1       0.092      0.192     -4.728      0.000
 U3
    Category > 1       4.527     17.545      0.201      0.841
 U4
    Category > 1       2.144      4.356      0.263      0.793

Latent Class 1 Compared to Latent Class 5

 U1
    Category > 1       0.467      7.089     -0.075      0.940
 U2
    Category > 1       2.295      7.492      0.173      0.863
 U3
    Category > 1       0.895      1.131     -0.092      0.926
 U4
    Category > 1       0.175      0.958     -0.862      0.389

Latent Class 2 Compared to Latent Class 3

 U1
    Category > 1       0.097      0.563     -1.604      0.109
 U2
    Category > 1       0.014      0.250     -3.951      0.000
 U3
    Category > 1       4.295     37.689      0.087      0.930
 U4
    Category > 1       0.509      3.631     -0.135      0.892

Latent Class 2 Compared to Latent Class 4

 U1
    Category > 1       3.487     37.053      0.067      0.946
 U2
    Category > 1       0.186      0.775     -1.051      0.293
 U3
    Category > 1       0.137      1.562     -0.552      0.581
 U4
    Category > 1       0.035      0.250     -3.866      0.000

Latent Class 2 Compared to Latent Class 5

 U1
    Category > 1      10.924     64.037      0.155      0.877
 U2
    Category > 1       4.625     25.309      0.143      0.886
 U3
    Category > 1       0.027      0.198     -4.910      0.000
 U4
    Category > 1       0.003      0.027    -36.960      0.000

Latent Class 3 Compared to Latent Class 4

 U1
    Category > 1      36.071    217.088      0.162      0.872
 U2
    Category > 1      13.035    183.329      0.066      0.948
 U3
    Category > 1       0.032      0.108     -8.960      0.000
 U4
    Category > 1       0.069      0.000    999.000    999.000

Latent Class 3 Compared to Latent Class 5

 U1
    Category > 1     113.003    193.328      0.579      0.562
 U2
    Category > 1     324.548   3937.471      0.082      0.935
 U3
    Category > 1       0.006      0.010    -99.235      0.000
 U4
    Category > 1       0.006      0.020    -49.253      0.000

Latent Class 4 Compared to Latent Class 5

 U1
    Category > 1       3.133     16.469      0.130      0.897
 U2
    Category > 1      24.898     65.133      0.367      0.714
 U3
    Category > 1       0.198      0.866     -0.926      0.354
 U4
    Category > 1       0.081      0.294     -3.128      0.002


QUALITY OF NUMERICAL RESULTS

     Condition Number for the Information Matrix              0.136E-07
       (ratio of smallest to largest eigenvalue)


TECHNICAL 1 OUTPUT


     PARAMETER SPECIFICATION FOR LATENT CLASS 1


     PARAMETER SPECIFICATION FOR LATENT CLASS 2


     PARAMETER SPECIFICATION FOR LATENT CLASS 3


     PARAMETER SPECIFICATION FOR LATENT CLASS 4


     PARAMETER SPECIFICATION FOR LATENT CLASS 5


     PARAMETER SPECIFICATION FOR LATENT CLASS INDICATOR MODEL PART


           LAMBDA(U)
              C#1           C#2           C#3           C#4           C#5
              ________      ________      ________      ________      ________
 U1                 1             2             3             4             5
 U2                 6             7             8             9            10
 U3                11            12            13            14            15
 U4                16            17            18            19            20


     PARAMETER SPECIFICATION FOR LATENT CLASS REGRESSION MODEL PART


           ALPHA(C)
              C#1           C#2           C#3           C#4           C#5
              ________      ________      ________      ________      ________
                   21            22            23            24             0


     STARTING VALUES FOR LATENT CLASS 1


     STARTING VALUES FOR LATENT CLASS 2


     STARTING VALUES FOR LATENT CLASS 3


     STARTING VALUES FOR LATENT CLASS 4


     STARTING VALUES FOR LATENT CLASS 5


     STARTING VALUES FOR LATENT CLASS INDICATOR MODEL PART


           LAMBDA(U)
              C#1           C#2           C#3           C#4           C#5
              ________      ________      ________      ________      ________
 U1             1.255         0.255        -0.745        -1.745        -2.745
 U2             1.219         0.219        -0.781        -1.781        -2.781
 U3             2.745         1.745         0.745        -0.255        -1.255
 U4             2.690         1.690         0.690        -0.310        -1.310


     STARTING VALUES FOR LATENT CLASS REGRESSION MODEL PART


           ALPHA(C)
              C#1           C#2           C#3           C#4           C#5
              ________      ________      ________      ________      ________
                0.000         0.000         0.000         0.000         0.000


     Beginning Time:  11:38:52
        Ending Time:  11:38:52
       Elapsed Time:  00:00:00



MUTHEN & MUTHEN
3463 Stoner Ave.
Los Angeles, CA  90066

Tel: (310) 391-9971
Fax: (310) 391-8971
Web: www.StatModel.com
Support: Support@StatModel.com

Copyright (c) 1998-2019 Muthen & Muthen
