Mplus VERSION 8.4 (Linux)
MUTHEN & MUTHEN
03/16/2021  11:38 AM

INPUT INSTRUCTIONS

  DATA:      FILE = ../../data/ex7.3.dat;
  VARIABLE:  NAMES ARE u1-u4 x1-x10;
             USEVARIABLES = u1-u4;
             CATEGORICAL = u1-u4;
             CLASSES = c (6);
   ANALYSIS: TYPE = MIXTURE;



INPUT READING TERMINATED NORMALLY




SUMMARY OF ANALYSIS

Number of groups                                                 1
Number of observations                                         500

Number of dependent variables                                    4
Number of independent variables                                  0
Number of continuous latent variables                            0
Number of categorical latent variables                           1

Observed dependent variables

  Binary and ordered categorical (ordinal)
   U1          U2          U3          U4

Categorical latent variables
   C


Estimator                                                      MLR
Information matrix                                        OBSERVED
Optimization Specifications for the Quasi-Newton Algorithm for
Continuous Outcomes
  Maximum number of iterations                                 100
  Convergence criterion                                  0.100D-05
Optimization Specifications for the EM Algorithm
  Maximum number of iterations                                 500
  Convergence criteria
    Loglikelihood change                                 0.100D-06
    Relative loglikelihood change                        0.100D-06
    Derivative                                           0.100D-05
Optimization Specifications for the M step of the EM Algorithm for
Categorical Latent variables
  Number of M step iterations                                    1
  M step convergence criterion                           0.100D-05
  Basis for M step termination                           ITERATION
Optimization Specifications for the M step of the EM Algorithm for
Censored, Binary or Ordered Categorical (Ordinal), Unordered
Categorical (Nominal) and Count Outcomes
  Number of M step iterations                                    1
  M step convergence criterion                           0.100D-05
  Basis for M step termination                           ITERATION
  Maximum value for logit thresholds                            15
  Minimum value for logit thresholds                           -15
  Minimum expected cell size for chi-square              0.100D-01
Optimization algorithm                                         EMA
Random Starts Specifications
  Number of initial stage random starts                         20
  Number of final stage optimizations                            4
  Number of initial stage iterations                            10
  Initial stage convergence criterion                    0.100D+01
  Random starts scale                                    0.500D+01
  Random seed for generating random starts                       0
Link                                                         LOGIT

Input data file(s)
  ../../data/ex7.3.dat
Input data format  FREE


UNIVARIATE PROPORTIONS AND COUNTS FOR CATEGORICAL VARIABLES

    U1
      Category 1    0.678          339.000
      Category 2    0.322          161.000
    U2
      Category 1    0.686          343.000
      Category 2    0.314          157.000
    U3
      Category 1    0.322          161.000
      Category 2    0.678          339.000
    U4
      Category 1    0.334          167.000
      Category 2    0.666          333.000


RANDOM STARTS RESULTS RANKED FROM THE BEST TO THE WORST LOGLIKELIHOOD VALUES

Final stage loglikelihood values at local maxima, seeds, and initial stage start numbers:

            -962.441  533738           11
            -962.441  637345           19
            -962.441  93468            3
            -962.441  253358           2



THE BEST LOGLIKELIHOOD VALUE HAS BEEN REPLICATED.  RERUN WITH AT LEAST TWICE THE
RANDOM STARTS TO CHECK THAT THE BEST LOGLIKELIHOOD IS STILL OBTAINED AND REPLICATED.

     THE STANDARD ERRORS OF THE MODEL PARAMETER ESTIMATES MAY NOT BE
     TRUSTWORTHY FOR SOME PARAMETERS DUE TO A NON-POSITIVE DEFINITE
     FIRST-ORDER DERIVATIVE PRODUCT MATRIX.  THIS MAY BE DUE TO THE STARTING
     VALUES BUT MAY ALSO BE AN INDICATION OF MODEL NONIDENTIFICATION.  THE
     CONDITION NUMBER IS      -0.506D-16.  PROBLEM INVOLVING THE FOLLOWING PARAMETER:
     Parameter 15, %C#3%: [ U3$1 ]

     ONE OR MORE PARAMETERS WERE FIXED TO AVOID SINGULARITY OF THE
     INFORMATION MATRIX. THE SINGULARITY IS MOST LIKELY BECAUSE THE
     MODEL IS NOT IDENTIFIED, OR BECAUSE OF EMPTY CELLS IN THE JOINT
     DISTRIBUTION OF THE CATEGORICAL VARIABLES IN THE MODEL.
     THE FOLLOWING PARAMETERS WERE FIXED:
     Parameter 22, %C#4%: [ U4$1 ]
     Parameter 24, %C#6%: [ U4$1 ]
     Parameter 25, [ C#1 ]
     Parameter 26, [ C#2 ]
     Parameter 27, [ C#3 ]
     Parameter 28, [ C#4 ]
     Parameter 29, [ C#5 ]




THE MODEL ESTIMATION TERMINATED NORMALLY

     THE DEGREES OF FREEDOM FOR THIS MODEL ARE NEGATIVE.  THE MODEL IS NOT
     IDENTIFIED OR TOO MANY CELLS WERE DELETED.  A CHI-SQUARE TEST IS NOT
     AVAILABLE.



MODEL FIT INFORMATION

Number of Free Parameters                       29

Loglikelihood

          H0 Value                        -962.441
          H0 Scaling Correction Factor      0.5175
            for MLR

Information Criteria

          Akaike (AIC)                    1982.883
          Bayesian (BIC)                  2105.107
          Sample-Size Adjusted BIC        2013.059
            (n* = (n + 2) / 24)



FINAL CLASS COUNTS AND PROPORTIONS FOR THE LATENT CLASSES
BASED ON THE ESTIMATED MODEL

    Latent
   Classes

       1         35.47641          0.07095
       2         31.97267          0.06395
       3         66.54520          0.13309
       4         47.37691          0.09475
       5        261.51934          0.52304
       6         57.10947          0.11422


FINAL CLASS COUNTS AND PROPORTIONS FOR THE LATENT CLASSES
BASED ON ESTIMATED POSTERIOR PROBABILITIES

    Latent
   Classes

       1         35.47641          0.07095
       2         31.97267          0.06395
       3         66.54520          0.13309
       4         47.37691          0.09475
       5        261.51934          0.52304
       6         57.10947          0.11422


FINAL CLASS COUNTS AND PROPORTIONS FOR THE LATENT CLASSES
BASED ON THEIR MOST LIKELY LATENT CLASS MEMBERSHIP

Class Counts and Proportions

    Latent
   Classes

       1               96          0.19200
       2                0          0.00000
       3               41          0.08200
       4               12          0.02400
       5              313          0.62600
       6               38          0.07600


CLASSIFICATION QUALITY

     Entropy                         0.562


Classification Probabilities for the Most Likely Latent Class Membership (Column)
by Latent Class (Row)

           1        2        3        4        5        6

    1   0.985    0.000    0.014    0.000    0.000    0.000
    2   0.843    0.000    0.148    0.001    0.000    0.008
    3   0.504    0.000    0.406    0.032    0.016    0.041
    4   0.005    0.000    0.059    0.102    0.774    0.060
    5   0.000    0.000    0.010    0.010    0.939    0.040
    6   0.004    0.000    0.056    0.041    0.519    0.379


Logits for the Classification Probabilities for the Most Likely Latent Class Membership (Column)
by Latent Class (Row)

              1        2        3        4        5        6

    1      8.214   -5.586    3.975    0.349   -4.036    0.000
    2      4.636   -9.009    2.895   -2.366   -4.741    0.000
    3      2.514  -10.617    2.298   -0.229   -0.921    0.000
    4     -2.503  -10.995   -0.002    0.539    2.564    0.000
    5     -4.826  -10.606   -1.368   -1.402    3.147    0.000
    6     -4.541  -12.845   -1.904   -2.212    0.315    0.000


MODEL RESULTS

                                                    Two-Tailed
                    Estimate       S.E.  Est./S.E.    P-Value

Latent Class 1

 Thresholds
    U1$1              -6.376     25.993     -0.245      0.806
    U2$1              -4.532     31.664     -0.143      0.886
    U3$1               5.966      9.123      0.654      0.513
    U4$1               1.748     37.375      0.047      0.963

Latent Class 2

 Thresholds
    U1$1              -2.299     24.796     -0.093      0.926
    U2$1              -2.658     92.668     -0.029      0.977
    U3$1               4.917     40.982      0.120      0.905
    U4$1               3.601    383.967      0.009      0.993

Latent Class 3

 Thresholds
    U1$1              -1.882      6.595     -0.285      0.775
    U2$1              -0.938     14.780     -0.063      0.949
    U3$1               1.438      3.147      0.457      0.648
    U4$1               1.813     25.242      0.072      0.943

Latent Class 4

 Thresholds
    U1$1               1.451      6.968      0.208      0.835
    U2$1               0.750     35.994      0.021      0.983
    U3$1              -2.442    116.205     -0.021      0.983
    U4$1              -1.091      0.000    999.000    999.000

Latent Class 5

 Thresholds
    U1$1               2.164      3.314      0.653      0.514
    U2$1               2.594      5.686      0.456      0.648
    U3$1              -3.051      8.143     -0.375      0.708
    U4$1              -2.774      3.331     -0.833      0.405

Latent Class 6

 Thresholds
    U1$1               2.949     40.015      0.074      0.941
    U2$1               1.455     27.803      0.052      0.958
    U3$1              -0.287     23.737     -0.012      0.990
    U4$1              -0.529      0.000    999.000    999.000

Categorical Latent Variables

 Means
    C#1               -0.476      0.000    999.000    999.000
    C#2               -0.580      0.000    999.000    999.000
    C#3                0.153      0.000    999.000    999.000
    C#4               -0.187      0.000    999.000    999.000
    C#5                1.522      0.000    999.000    999.000


RESULTS IN PROBABILITY SCALE

Latent Class 1

 U1
    Category 1         0.002      0.044      0.039      0.969
    Category 2         0.998      0.044     22.636      0.000
 U2
    Category 1         0.011      0.333      0.032      0.975
    Category 2         0.989      0.333      2.968      0.003
 U3
    Category 1         0.997      0.023     42.871      0.000
    Category 2         0.003      0.023      0.110      0.912
 U4
    Category 1         0.852      4.720      0.180      0.857
    Category 2         0.148      4.720      0.031      0.975

Latent Class 2

 U1
    Category 1         0.091      2.055      0.044      0.965
    Category 2         0.909      2.055      0.442      0.658
 U2
    Category 1         0.065      5.672      0.012      0.991
    Category 2         0.935      5.672      0.165      0.869
 U3
    Category 1         0.993      0.296      3.356      0.001
    Category 2         0.007      0.296      0.025      0.980
 U4
    Category 1         0.973      9.927      0.098      0.922
    Category 2         0.027      9.927      0.003      0.998

Latent Class 3

 U1
    Category 1         0.132      0.756      0.175      0.861
    Category 2         0.868      0.756      1.147      0.251
 U2
    Category 1         0.281      2.988      0.094      0.925
    Category 2         0.719      2.988      0.241      0.810
 U3
    Category 1         0.808      0.488      1.657      0.098
    Category 2         0.192      0.488      0.393      0.694
 U4
    Category 1         0.860      3.043      0.282      0.778
    Category 2         0.140      3.043      0.046      0.963

Latent Class 4

 U1
    Category 1         0.810      1.072      0.756      0.450
    Category 2         0.190      1.072      0.177      0.859
 U2
    Category 1         0.679      7.844      0.087      0.931
    Category 2         0.321      7.844      0.041      0.967
 U3
    Category 1         0.080      8.553      0.009      0.993
    Category 2         0.920      8.553      0.108      0.914
 U4
    Category 1         0.251      0.000      0.000      1.000
    Category 2         0.749      0.000      0.000      1.000

Latent Class 5

 U1
    Category 1         0.897      0.306      2.930      0.003
    Category 2         0.103      0.306      0.336      0.737
 U2
    Category 1         0.930      0.368      2.530      0.011
    Category 2         0.070      0.368      0.189      0.850
 U3
    Category 1         0.045      0.351      0.129      0.898
    Category 2         0.955      0.351      2.718      0.007
 U4
    Category 1         0.059      0.184      0.319      0.750
    Category 2         0.941      0.184      5.108      0.000

Latent Class 6

 U1
    Category 1         0.950      1.892      0.502      0.616
    Category 2         0.050      1.892      0.026      0.979
 U2
    Category 1         0.811      4.266      0.190      0.849
    Category 2         0.189      4.266      0.044      0.965
 U3
    Category 1         0.429      5.814      0.074      0.941
    Category 2         0.571      5.814      0.098      0.922
 U4
    Category 1         0.371      0.000      0.000      1.000
    Category 2         0.629      0.000      0.000      1.000


LATENT CLASS ODDS RATIO RESULTS

                                         (Est. - 1) Two-Tailed
                    Estimate       S.E.     / S.E.    P-Value

Latent Class 1 Compared to Latent Class 2

 U1
    Category > 1      58.950     91.380      0.634      0.526
 U2
    Category > 1       6.515    809.878      0.007      0.995
 U3
    Category > 1       0.350     11.178     -0.058      0.954
 U4
    Category > 1       6.380   2687.920      0.002      0.998

Latent Class 1 Compared to Latent Class 3

 U1
    Category > 1      89.454   2908.914      0.030      0.976
 U2
    Category > 1      36.374    616.087      0.057      0.954
 U3
    Category > 1       0.011      0.132     -7.493      0.000
 U4
    Category > 1       1.067     13.059      0.005      0.996

Latent Class 1 Compared to Latent Class 4

 U1
    Category > 1    2505.734  82194.172      0.030      0.976
 U2
    Category > 1     196.734  13300.147      0.015      0.988
 U3
    Category > 1       0.000      0.028    -35.814      0.000
 U4
    Category > 1       0.058      2.185     -0.431      0.666

Latent Class 1 Compared to Latent Class 5

 U1
    Category > 1    5115.168  *********      0.034      0.973
 U2
    Category > 1    1244.431  32398.709      0.038      0.969
 U3
    Category > 1       0.000      0.000  -3928.198      0.000
 U4
    Category > 1       0.011      0.442     -2.238      0.025

Latent Class 1 Compared to Latent Class 6

 U1
    Category > 1   11216.743  *********      0.070      0.944
 U2
    Category > 1     398.202   1868.136      0.213      0.832
 U3
    Category > 1       0.002      0.028    -35.130      0.000
 U4
    Category > 1       0.103      3.832     -0.234      0.815

Latent Class 2 Compared to Latent Class 3

 U1
    Category > 1       1.517     47.557      0.011      0.991
 U2
    Category > 1       5.583    599.822      0.008      0.994
 U3
    Category > 1       0.031      1.361     -0.712      0.476
 U4
    Category > 1       0.167     68.450     -0.012      0.990

Latent Class 2 Compared to Latent Class 4

 U1
    Category > 1      42.506   1344.290      0.031      0.975
 U2
    Category > 1      30.195   1715.615      0.017      0.986
 U3
    Category > 1       0.001      0.100     -9.989      0.000
 U4
    Category > 1       0.009      3.518     -0.282      0.778

Latent Class 2 Compared to Latent Class 5

 U1
    Category > 1      86.771   2436.042      0.035      0.972
 U2
    Category > 1     190.999  18776.865      0.010      0.992
 U3
    Category > 1       0.000      0.011    -87.525      0.000
 U4
    Category > 1       0.002      0.649     -1.539      0.124

Latent Class 2 Compared to Latent Class 6

 U1
    Category > 1     190.274   2968.694      0.064      0.949
 U2
    Category > 1      61.117   7359.577      0.008      0.993
 U3
    Category > 1       0.005      0.096    -10.375      0.000
 U4
    Category > 1       0.016      6.170     -0.159      0.873

Latent Class 3 Compared to Latent Class 4

 U1
    Category > 1      28.011     52.178      0.518      0.605
 U2
    Category > 1       5.409    274.450      0.016      0.987
 U3
    Category > 1       0.021      2.335     -0.419      0.675
 U4
    Category > 1       0.055      1.383     -0.684      0.494

Latent Class 3 Compared to Latent Class 5

 U1
    Category > 1      57.182    197.960      0.284      0.777
 U2
    Category > 1      34.212    313.957      0.106      0.916
 U3
    Category > 1       0.011      0.126     -7.854      0.000
 U4
    Category > 1       0.010      0.291     -3.406      0.001

Latent Class 3 Compared to Latent Class 6

 U1
    Category > 1     125.391   5830.245      0.021      0.983
 U2
    Category > 1      10.948    143.652      0.069      0.945
 U3
    Category > 1       0.178      4.778     -0.172      0.863
 U4
    Category > 1       0.096      2.425     -0.373      0.709

Latent Class 4 Compared to Latent Class 5

 U1
    Category > 1       2.041      8.146      0.128      0.898
 U2
    Category > 1       6.325    263.527      0.020      0.984
 U3
    Category > 1       0.544     67.625     -0.007      0.995
 U4
    Category > 1       0.186      0.619     -1.314      0.189

Latent Class 4 Compared to Latent Class 6

 U1
    Category > 1       4.476    209.722      0.017      0.987
 U2
    Category > 1       2.024    129.107      0.008      0.994
 U3
    Category > 1       8.632   1207.790      0.006      0.995
 U4
    Category > 1       1.754      0.000    999.000    999.000

Latent Class 5 Compared to Latent Class 6

 U1
    Category > 1       2.193     94.939      0.013      0.990
 U2
    Category > 1       0.320      7.093     -0.096      0.924
 U3
    Category > 1      15.866    249.650      0.060      0.953
 U4
    Category > 1       9.433     31.423      0.268      0.788


QUALITY OF NUMERICAL RESULTS

     Condition Number for the Information Matrix              0.187E-08
       (ratio of smallest to largest eigenvalue)


TECHNICAL 1 OUTPUT


     PARAMETER SPECIFICATION FOR LATENT CLASS 1


     PARAMETER SPECIFICATION FOR LATENT CLASS 2


     PARAMETER SPECIFICATION FOR LATENT CLASS 3


     PARAMETER SPECIFICATION FOR LATENT CLASS 4


     PARAMETER SPECIFICATION FOR LATENT CLASS 5


     PARAMETER SPECIFICATION FOR LATENT CLASS 6


     PARAMETER SPECIFICATION FOR LATENT CLASS INDICATOR MODEL PART


           LAMBDA(U)
              C#1           C#2           C#3           C#4           C#5
              ________      ________      ________      ________      ________
 U1                 1             2             3             4             5
 U2                 7             8             9            10            11
 U3                13            14            15            16            17
 U4                19            20            21            22            23


           LAMBDA(U)
              C#6
              ________
 U1                 6
 U2                12
 U3                18
 U4                24


     PARAMETER SPECIFICATION FOR LATENT CLASS REGRESSION MODEL PART


           ALPHA(C)
              C#1           C#2           C#3           C#4           C#5
              ________      ________      ________      ________      ________
                   25            26            27            28            29


           ALPHA(C)
              C#6
              ________
                    0


     STARTING VALUES FOR LATENT CLASS 1


     STARTING VALUES FOR LATENT CLASS 2


     STARTING VALUES FOR LATENT CLASS 3


     STARTING VALUES FOR LATENT CLASS 4


     STARTING VALUES FOR LATENT CLASS 5


     STARTING VALUES FOR LATENT CLASS 6


     STARTING VALUES FOR LATENT CLASS INDICATOR MODEL PART


           LAMBDA(U)
              C#1           C#2           C#3           C#4           C#5
              ________      ________      ________      ________      ________
 U1             1.255         0.255        -0.745        -0.745        -1.745
 U2             1.219         0.219        -0.781        -0.781        -1.781
 U3             2.745         1.745         0.745         0.745        -0.255
 U4             2.690         1.690         0.690         0.690        -0.310


           LAMBDA(U)
              C#6
              ________
 U1            -2.745
 U2            -2.781
 U3            -1.255
 U4            -1.310


     STARTING VALUES FOR LATENT CLASS REGRESSION MODEL PART


           ALPHA(C)
              C#1           C#2           C#3           C#4           C#5
              ________      ________      ________      ________      ________
                0.000         0.000         0.000         0.000         0.000


           ALPHA(C)
              C#6
              ________
                0.000


     Beginning Time:  11:38:52
        Ending Time:  11:38:53
       Elapsed Time:  00:00:01



MUTHEN & MUTHEN
3463 Stoner Ave.
Los Angeles, CA  90066

Tel: (310) 391-9971
Fax: (310) 391-8971
Web: www.StatModel.com
Support: Support@StatModel.com

Copyright (c) 1998-2019 Muthen & Muthen
